mode: atomic
github.com/bitcoin-sv/arc/api/dictionary/dictionary.go:22.88,23.40 1 10
github.com/bitcoin-sv/arc/api/dictionary/dictionary.go:29.2,29.41 1 1
github.com/bitcoin-sv/arc/api/dictionary/dictionary.go:23.40,24.43 1 9
github.com/bitcoin-sv/arc/api/dictionary/dictionary.go:27.3,27.13 1 9
github.com/bitcoin-sv/arc/api/dictionary/dictionary.go:24.43,26.4 1 0
github.com/bitcoin-sv/arc/api/dictionary/dictionary.go:33.48,34.40 1 10
github.com/bitcoin-sv/arc/api/dictionary/dictionary.go:37.2,37.57 1 1
github.com/bitcoin-sv/arc/api/dictionary/dictionary.go:34.40,36.3 1 9
github.com/bitcoin-sv/arc/api/dictionary/dictionary.go:41.46,42.40 1 10
github.com/bitcoin-sv/arc/api/dictionary/dictionary.go:45.2,45.55 1 1
github.com/bitcoin-sv/arc/api/dictionary/dictionary.go:42.40,44.3 1 9
github.com/bitcoin-sv/arc/api/dictionary/dictionary.go:49.40,50.40 1 10
github.com/bitcoin-sv/arc/api/dictionary/dictionary.go:53.2,53.52 1 1
github.com/bitcoin-sv/arc/api/dictionary/dictionary.go:50.40,52.3 1 9
github.com/bitcoin-sv/arc/api/dictionary/dictionary.go:90.35,92.2 1 10
github.com/bitcoin-sv/arc/api/dictionary/dictionary.go:95.13,134.2 22 1
github.com/bitcoin-sv/arc/lib/fees/Fees.go:9.82,23.2 12 3
github.com/bitcoin-sv/arc/asynccaller/asynccaller.go:25.131,27.58 1 3
github.com/bitcoin-sv/arc/asynccaller/asynccaller.go:31.2,40.15 3 3
github.com/bitcoin-sv/arc/asynccaller/asynccaller.go:27.58,29.3 1 0
github.com/bitcoin-sv/arc/asynccaller/asynccaller.go:43.52,45.12 2 3
github.com/bitcoin-sv/arc/asynccaller/asynccaller.go:52.2,52.12 1 3
github.com/bitcoin-sv/arc/asynccaller/asynccaller.go:45.12,46.7 1 3
github.com/bitcoin-sv/arc/asynccaller/asynccaller.go:46.7,49.4 2 3
github.com/bitcoin-sv/arc/asynccaller/asynccaller.go:52.12,53.26 1 3
github.com/bitcoin-sv/arc/asynccaller/asynccaller.go:59.3,59.81 1 0
github.com/bitcoin-sv/arc/asynccaller/asynccaller.go:53.26,54.54 1 2
github.com/bitcoin-sv/arc/asynccaller/asynccaller.go:54.54,57.5 2 1
github.com/bitcoin-sv/arc/asynccaller/asynccaller.go:63.40,65.2 1 2
github.com/bitcoin-sv/arc/asynccaller/asynccaller.go:67.47,69.2 1 0
github.com/bitcoin-sv/arc/asynccaller/asynccaller.go:71.78,72.52 1 3
github.com/bitcoin-sv/arc/asynccaller/asynccaller.go:72.52,78.17 4 1
github.com/bitcoin-sv/arc/asynccaller/asynccaller.go:82.3,85.30 3 1
github.com/bitcoin-sv/arc/asynccaller/asynccaller.go:78.17,81.4 2 0
github.com/bitcoin-sv/arc/asynccaller/asynccaller.go:85.30,86.66 1 1
github.com/bitcoin-sv/arc/asynccaller/asynccaller.go:90.4,91.18 2 1
github.com/bitcoin-sv/arc/asynccaller/asynccaller.go:86.66,89.5 2 0
github.com/bitcoin-sv/arc/asynccaller/asynccaller.go:91.18,94.5 2 0
github.com/bitcoin-sv/arc/asynccaller/asynccaller.go:99.41,102.16 2 4
github.com/bitcoin-sv/arc/asynccaller/asynccaller.go:107.2,107.29 1 3
github.com/bitcoin-sv/arc/asynccaller/asynccaller.go:102.16,105.3 2 1
github.com/bitcoin-sv/arc/asynccaller/asynccaller.go:107.29,110.91 3 1
github.com/bitcoin-sv/arc/asynccaller/asynccaller.go:114.3,117.48 3 1
github.com/bitcoin-sv/arc/asynccaller/asynccaller.go:123.3,123.44 1 1
github.com/bitcoin-sv/arc/asynccaller/asynccaller.go:110.91,111.12 1 0
github.com/bitcoin-sv/arc/asynccaller/asynccaller.go:117.48,119.12 2 0
github.com/bitcoin-sv/arc/asynccaller/asynccaller.go:123.44,125.4 1 0
github.com/bitcoin-sv/arc/asynccaller/asynccaller.go:129.61,131.16 2 1
github.com/bitcoin-sv/arc/asynccaller/asynccaller.go:134.2,138.21 3 1
github.com/bitcoin-sv/arc/asynccaller/asynccaller.go:150.2,150.12 1 1
github.com/bitcoin-sv/arc/asynccaller/asynccaller.go:131.16,133.3 1 0
github.com/bitcoin-sv/arc/asynccaller/asynccaller.go:138.21,141.67 3 1
github.com/bitcoin-sv/arc/asynccaller/asynccaller.go:141.67,143.4 1 0
github.com/bitcoin-sv/arc/asynccaller/asynccaller.go:143.9,144.53 1 1
github.com/bitcoin-sv/arc/asynccaller/asynccaller.go:144.53,146.5 1 0
github.com/bitcoin-sv/arc/lib/keyset/KeySet.go:27.47,29.16 2 4
github.com/bitcoin-sv/arc/lib/keyset/KeySet.go:33.2,33.27 1 4
github.com/bitcoin-sv/arc/lib/keyset/KeySet.go:29.16,30.13 1 0
github.com/bitcoin-sv/arc/lib/keyset/KeySet.go:36.29,39.16 3 1
github.com/bitcoin-sv/arc/lib/keyset/KeySet.go:43.2,44.16 2 1
github.com/bitcoin-sv/arc/lib/keyset/KeySet.go:48.2,48.39 1 1
github.com/bitcoin-sv/arc/lib/keyset/KeySet.go:39.16,41.3 1 0
github.com/bitcoin-sv/arc/lib/keyset/KeySet.go:44.16,46.3 1 0
github.com/bitcoin-sv/arc/lib/keyset/KeySet.go:51.91,53.16 2 1
github.com/bitcoin-sv/arc/lib/keyset/KeySet.go:57.2,57.56 1 1
github.com/bitcoin-sv/arc/lib/keyset/KeySet.go:53.16,55.3 1 0
github.com/bitcoin-sv/arc/lib/keyset/KeySet.go:60.97,65.26 3 3
github.com/bitcoin-sv/arc/lib/keyset/KeySet.go:72.2,73.16 2 3
github.com/bitcoin-sv/arc/lib/keyset/KeySet.go:77.2,80.16 3 3
github.com/bitcoin-sv/arc/lib/keyset/KeySet.go:84.2,91.8 1 3
github.com/bitcoin-sv/arc/lib/keyset/KeySet.go:65.26,67.17 2 2
github.com/bitcoin-sv/arc/lib/keyset/KeySet.go:67.17,69.4 1 0
github.com/bitcoin-sv/arc/lib/keyset/KeySet.go:73.16,75.3 1 0
github.com/bitcoin-sv/arc/lib/keyset/KeySet.go:80.16,82.3 1 0
github.com/bitcoin-sv/arc/lib/keyset/KeySet.go:94.78,96.2 1 1
github.com/bitcoin-sv/arc/lib/keyset/KeySet.go:105.61,108.13 2 0
github.com/bitcoin-sv/arc/lib/keyset/KeySet.go:111.2,112.16 2 0
github.com/bitcoin-sv/arc/lib/keyset/KeySet.go:115.2,117.28 2 0
github.com/bitcoin-sv/arc/lib/keyset/KeySet.go:121.2,123.16 3 0
github.com/bitcoin-sv/arc/lib/keyset/KeySet.go:127.2,128.34 2 0
github.com/bitcoin-sv/arc/lib/keyset/KeySet.go:142.2,142.21 1 0
github.com/bitcoin-sv/arc/lib/keyset/KeySet.go:108.13,110.3 1 0
github.com/bitcoin-sv/arc/lib/keyset/KeySet.go:112.16,114.3 1 0
github.com/bitcoin-sv/arc/lib/keyset/KeySet.go:117.28,119.3 1 0
github.com/bitcoin-sv/arc/lib/keyset/KeySet.go:123.16,125.3 1 0
github.com/bitcoin-sv/arc/lib/keyset/KeySet.go:128.34,130.17 2 0
github.com/bitcoin-sv/arc/lib/keyset/KeySet.go:134.3,139.4 1 0
github.com/bitcoin-sv/arc/lib/keyset/KeySet.go:130.17,132.4 1 0
github.com/bitcoin-sv/arc/metamorph/processor_response/ProcessorResponse.go:47.68,49.2 1 7
github.com/bitcoin-sv/arc/metamorph/processor_response/ProcessorResponse.go:53.107,55.2 1 0
github.com/bitcoin-sv/arc/metamorph/processor_response/ProcessorResponse.go:57.103,59.2 1 0
github.com/bitcoin-sv/arc/metamorph/processor_response/ProcessorResponse.go:61.121,77.12 3 7
github.com/bitcoin-sv/arc/metamorph/processor_response/ProcessorResponse.go:83.2,83.11 1 7
github.com/bitcoin-sv/arc/metamorph/processor_response/ProcessorResponse.go:77.12,78.47 1 7
github.com/bitcoin-sv/arc/metamorph/processor_response/ProcessorResponse.go:78.47,80.4 1 0
github.com/bitcoin-sv/arc/metamorph/processor_response/ProcessorResponse.go:86.37,87.15 1 0
github.com/bitcoin-sv/arc/metamorph/processor_response/ProcessorResponse.go:90.2,90.25 1 0
github.com/bitcoin-sv/arc/metamorph/processor_response/ProcessorResponse.go:87.15,89.3 1 0
github.com/bitcoin-sv/arc/metamorph/processor_response/ProcessorResponse.go:93.87,95.2 1 0
github.com/bitcoin-sv/arc/metamorph/processor_response/ProcessorResponse.go:97.87,99.44 1 0
github.com/bitcoin-sv/arc/metamorph/processor_response/ProcessorResponse.go:103.2,105.103 2 0
github.com/bitcoin-sv/arc/metamorph/processor_response/ProcessorResponse.go:111.2,111.35 1 0
github.com/bitcoin-sv/arc/metamorph/processor_response/ProcessorResponse.go:115.2,115.14 1 0
github.com/bitcoin-sv/arc/metamorph/processor_response/ProcessorResponse.go:120.2,120.37 1 0
github.com/bitcoin-sv/arc/metamorph/processor_response/ProcessorResponse.go:128.2,128.35 1 0
github.com/bitcoin-sv/arc/metamorph/processor_response/ProcessorResponse.go:134.2,137.34 3 0
github.com/bitcoin-sv/arc/metamorph/processor_response/ProcessorResponse.go:99.44,101.3 1 0
github.com/bitcoin-sv/arc/metamorph/processor_response/ProcessorResponse.go:105.103,107.3 1 0
github.com/bitcoin-sv/arc/metamorph/processor_response/ProcessorResponse.go:107.8,107.43 1 0
github.com/bitcoin-sv/arc/metamorph/processor_response/ProcessorResponse.go:107.43,109.3 1 0
github.com/bitcoin-sv/arc/metamorph/processor_response/ProcessorResponse.go:111.35,113.3 1 0
github.com/bitcoin-sv/arc/metamorph/processor_response/ProcessorResponse.go:115.14,118.3 2 0
github.com/bitcoin-sv/arc/metamorph/processor_response/ProcessorResponse.go:120.37,121.52 1 0
github.com/bitcoin-sv/arc/metamorph/processor_response/ProcessorResponse.go:121.52,125.4 3 0
github.com/bitcoin-sv/arc/metamorph/processor_response/ProcessorResponse.go:128.35,130.3 1 0
github.com/bitcoin-sv/arc/metamorph/processor_response/ProcessorResponse.go:130.8,132.3 1 0
github.com/bitcoin-sv/arc/metamorph/processor_response/ProcessorResponse.go:137.34,139.3 1 0
github.com/bitcoin-sv/arc/metamorph/processor_response/ProcessorResponse.go:142.57,147.2 3 0
github.com/bitcoin-sv/arc/metamorph/processor_response/ProcessorResponse.go:149.52,154.2 3 0
github.com/bitcoin-sv/arc/metamorph/processor_response/ProcessorResponse.go:156.45,160.18 3 1
github.com/bitcoin-sv/arc/metamorph/processor_response/ProcessorResponse.go:163.2,163.92 1 1
github.com/bitcoin-sv/arc/metamorph/processor_response/ProcessorResponse.go:160.18,162.3 1 0
github.com/bitcoin-sv/arc/metamorph/processor_response/ProcessorResponse.go:166.88,178.15 5 0
github.com/bitcoin-sv/arc/metamorph/processor_response/ProcessorResponse.go:182.2,182.13 1 0
github.com/bitcoin-sv/arc/metamorph/processor_response/ProcessorResponse.go:178.15,180.3 1 0
github.com/bitcoin-sv/arc/metamorph/processor_response/ProcessorResponse.go:185.62,190.2 3 1
github.com/bitcoin-sv/arc/metamorph/processor_response/ProcessorResponse.go:192.67,209.15 7 2
github.com/bitcoin-sv/arc/metamorph/processor_response/ProcessorResponse.go:213.2,213.13 1 1
github.com/bitcoin-sv/arc/metamorph/processor_response/ProcessorResponse.go:209.15,211.3 1 1
github.com/bitcoin-sv/arc/metamorph/processor_response/ProcessorResponse.go:216.107,230.15 6 2
github.com/bitcoin-sv/arc/metamorph/processor_response/ProcessorResponse.go:234.2,234.13 1 1
github.com/bitcoin-sv/arc/metamorph/processor_response/ProcessorResponse.go:230.15,232.3 1 1
github.com/bitcoin-sv/arc/metamorph/processor_response/ProcessorResponse.go:237.44,242.2 3 2
github.com/bitcoin-sv/arc/metamorph/processor_response/ProcessorResponse.go:244.49,246.2 1 0
github.com/bitcoin-sv/arc/metamorph/processor_response/ProcessorResponse.go:248.53,251.2 2 0
github.com/bitcoin-sv/arc/metamorph/processor_response/ProcessorResponse.go:253.93,258.2 3 0
github.com/bitcoin-sv/arc/metamorph/processor_response/ProcessorResponse.go:260.93,267.2 1 4
github.com/bitcoin-sv/arc/blocktx/Client.go:36.56,43.16 3 0
github.com/bitcoin-sv/arc/blocktx/Client.go:46.2,51.12 4 0
github.com/bitcoin-sv/arc/blocktx/Client.go:43.16,45.3 1 0
github.com/bitcoin-sv/arc/blocktx/Client.go:54.66,55.6 1 0
github.com/bitcoin-sv/arc/blocktx/Client.go:55.6,57.17 2 0
github.com/bitcoin-sv/arc/blocktx/Client.go:74.3,74.31 1 0
github.com/bitcoin-sv/arc/blocktx/Client.go:57.17,59.4 1 0
github.com/bitcoin-sv/arc/blocktx/Client.go:59.9,63.8 3 0
github.com/bitcoin-sv/arc/blocktx/Client.go:63.8,65.19 2 0
github.com/bitcoin-sv/arc/blocktx/Client.go:69.5,70.42 2 0
github.com/bitcoin-sv/arc/blocktx/Client.go:65.19,66.11 1 0
github.com/bitcoin-sv/arc/blocktx/Client.go:78.113,80.16 2 0
github.com/bitcoin-sv/arc/blocktx/Client.go:84.2,84.29 1 0
github.com/bitcoin-sv/arc/blocktx/Client.go:80.16,82.3 1 0
github.com/bitcoin-sv/arc/blocktx/Client.go:87.158,89.2 1 0
github.com/bitcoin-sv/arc/blocktx/Client.go:91.149,93.16 2 0
github.com/bitcoin-sv/arc/blocktx/Client.go:97.2,100.8 1 0
github.com/bitcoin-sv/arc/blocktx/Client.go:93.16,95.3 1 0
github.com/bitcoin-sv/arc/blocktx/Client.go:103.105,107.16 2 0
github.com/bitcoin-sv/arc/blocktx/Client.go:111.2,111.19 1 0
github.com/bitcoin-sv/arc/blocktx/Client.go:107.16,109.3 1 0
github.com/bitcoin-sv/arc/blocktx/Client.go:114.91,116.16 2 0
github.com/bitcoin-sv/arc/blocktx/Client.go:120.2,120.19 1 0
github.com/bitcoin-sv/arc/blocktx/Client.go:116.16,118.3 1 0
github.com/bitcoin-sv/arc/blocktx/Client.go:123.154,125.16 2 0
github.com/bitcoin-sv/arc/blocktx/Client.go:129.2,129.16 1 0
github.com/bitcoin-sv/arc/blocktx/Client.go:125.16,127.3 1 0
github.com/bitcoin-sv/arc/blocktx/Client.go:132.57,141.2 2 0
github.com/bitcoin-sv/arc/blocktx/PeerHandler.go:28.13,30.129 1 1
github.com/bitcoin-sv/arc/blocktx/PeerHandler.go:30.129,36.17 3 0
github.com/bitcoin-sv/arc/blocktx/PeerHandler.go:39.3,44.17 5 0
github.com/bitcoin-sv/arc/blocktx/PeerHandler.go:47.3,54.37 6 0
github.com/bitcoin-sv/arc/blocktx/PeerHandler.go:74.3,76.43 2 0
github.com/bitcoin-sv/arc/blocktx/PeerHandler.go:36.17,38.4 1 0
github.com/bitcoin-sv/arc/blocktx/PeerHandler.go:44.17,46.4 1 0
github.com/bitcoin-sv/arc/blocktx/PeerHandler.go:54.37,57.18 3 0
github.com/bitcoin-sv/arc/blocktx/PeerHandler.go:60.4,63.18 4 0
github.com/bitcoin-sv/arc/blocktx/PeerHandler.go:67.4,69.14 2 0
github.com/bitcoin-sv/arc/blocktx/PeerHandler.go:57.18,59.5 1 0
github.com/bitcoin-sv/arc/blocktx/PeerHandler.go:63.18,65.5 1 0
github.com/bitcoin-sv/arc/blocktx/PeerHandler.go:69.14,71.5 1 0
github.com/bitcoin-sv/arc/blocktx/PeerHandler.go:89.13,91.2 1 1
github.com/bitcoin-sv/arc/blocktx/PeerHandler.go:93.116,99.153 1 0
github.com/bitcoin-sv/arc/blocktx/PeerHandler.go:122.2,124.12 2 0
github.com/bitcoin-sv/arc/blocktx/PeerHandler.go:163.2,163.10 1 0
github.com/bitcoin-sv/arc/blocktx/PeerHandler.go:99.153,102.84 2 0
github.com/bitcoin-sv/arc/blocktx/PeerHandler.go:108.4,110.45 2 0
github.com/bitcoin-sv/arc/blocktx/PeerHandler.go:115.4,117.16 2 0
github.com/bitcoin-sv/arc/blocktx/PeerHandler.go:102.84,105.5 2 0
github.com/bitcoin-sv/arc/blocktx/PeerHandler.go:110.45,113.5 2 0
github.com/bitcoin-sv/arc/blocktx/PeerHandler.go:124.12,125.32 1 0
github.com/bitcoin-sv/arc/blocktx/PeerHandler.go:125.32,130.14 4 0
github.com/bitcoin-sv/arc/blocktx/PeerHandler.go:148.4,149.83 2 0
github.com/bitcoin-sv/arc/blocktx/PeerHandler.go:154.4,154.45 1 0
github.com/bitcoin-sv/arc/blocktx/PeerHandler.go:159.4,159.51 1 0
github.com/bitcoin-sv/arc/blocktx/PeerHandler.go:130.14,134.5 2 0
github.com/bitcoin-sv/arc/blocktx/PeerHandler.go:134.10,136.40 1 0
github.com/bitcoin-sv/arc/blocktx/PeerHandler.go:142.5,145.13 4 0
github.com/bitcoin-sv/arc/blocktx/PeerHandler.go:136.40,137.49 1 0
github.com/bitcoin-sv/arc/blocktx/PeerHandler.go:137.49,138.15 1 0
github.com/bitcoin-sv/arc/blocktx/PeerHandler.go:149.83,151.13 2 0
github.com/bitcoin-sv/arc/blocktx/PeerHandler.go:154.45,156.13 2 0
github.com/bitcoin-sv/arc/blocktx/PeerHandler.go:166.94,170.9 3 0
github.com/bitcoin-sv/arc/blocktx/PeerHandler.go:175.2,177.17 2 0
github.com/bitcoin-sv/arc/blocktx/PeerHandler.go:170.9,173.3 2 0
github.com/bitcoin-sv/arc/blocktx/PeerHandler.go:180.83,184.9 3 0
github.com/bitcoin-sv/arc/blocktx/PeerHandler.go:189.2,191.12 2 0
github.com/bitcoin-sv/arc/blocktx/PeerHandler.go:184.9,187.3 2 0
github.com/bitcoin-sv/arc/blocktx/PeerHandler.go:194.93,198.9 3 0
github.com/bitcoin-sv/arc/blocktx/PeerHandler.go:203.2,205.12 2 0
github.com/bitcoin-sv/arc/blocktx/PeerHandler.go:198.9,201.3 2 0
github.com/bitcoin-sv/arc/blocktx/PeerHandler.go:208.92,212.9 3 0
github.com/bitcoin-sv/arc/blocktx/PeerHandler.go:217.2,219.12 2 0
github.com/bitcoin-sv/arc/blocktx/PeerHandler.go:212.9,215.3 2 0
github.com/bitcoin-sv/arc/blocktx/PeerHandler.go:222.81,226.9 3 0
github.com/bitcoin-sv/arc/blocktx/PeerHandler.go:231.2,233.12 2 0
github.com/bitcoin-sv/arc/blocktx/PeerHandler.go:226.9,229.3 2 0
github.com/bitcoin-sv/arc/blocktx/PeerHandler.go:236.89,240.9 3 0
github.com/bitcoin-sv/arc/blocktx/PeerHandler.go:245.2,248.15 3 0
github.com/bitcoin-sv/arc/blocktx/PeerHandler.go:252.2,255.12 3 0
github.com/bitcoin-sv/arc/blocktx/PeerHandler.go:240.9,243.3 2 0
github.com/bitcoin-sv/arc/blocktx/PeerHandler.go:248.15,250.3 1 0
github.com/bitcoin-sv/arc/blocktx/PeerHandler.go:258.80,262.9 3 0
github.com/bitcoin-sv/arc/blocktx/PeerHandler.go:267.2,270.15 3 0
github.com/bitcoin-sv/arc/blocktx/PeerHandler.go:274.2,277.9 3 0
github.com/bitcoin-sv/arc/blocktx/PeerHandler.go:281.2,288.16 5 0
github.com/bitcoin-sv/arc/blocktx/PeerHandler.go:292.2,292.82 1 0
github.com/bitcoin-sv/arc/blocktx/PeerHandler.go:296.2,297.45 2 0
github.com/bitcoin-sv/arc/blocktx/PeerHandler.go:301.2,302.84 2 0
github.com/bitcoin-sv/arc/blocktx/PeerHandler.go:306.2,315.54 2 0
github.com/bitcoin-sv/arc/blocktx/PeerHandler.go:320.2,323.12 3 0
github.com/bitcoin-sv/arc/blocktx/PeerHandler.go:262.9,265.3 2 0
github.com/bitcoin-sv/arc/blocktx/PeerHandler.go:270.15,272.3 1 0
github.com/bitcoin-sv/arc/blocktx/PeerHandler.go:277.9,279.3 1 0
github.com/bitcoin-sv/arc/blocktx/PeerHandler.go:288.16,290.3 1 0
github.com/bitcoin-sv/arc/blocktx/PeerHandler.go:292.82,294.3 1 0
github.com/bitcoin-sv/arc/blocktx/PeerHandler.go:297.45,299.3 1 0
github.com/bitcoin-sv/arc/blocktx/PeerHandler.go:302.84,304.3 1 0
github.com/bitcoin-sv/arc/blocktx/PeerHandler.go:315.54,317.3 1 0
github.com/bitcoin-sv/arc/blocktx/PeerHandler.go:326.173,328.15 2 0
github.com/bitcoin-sv/arc/blocktx/PeerHandler.go:332.2,333.37 2 0
github.com/bitcoin-sv/arc/blocktx/PeerHandler.go:344.2,351.58 2 0
github.com/bitcoin-sv/arc/blocktx/PeerHandler.go:328.15,330.3 1 0
github.com/bitcoin-sv/arc/blocktx/PeerHandler.go:333.37,334.68 1 0
github.com/bitcoin-sv/arc/blocktx/PeerHandler.go:334.68,335.88 1 0
github.com/bitcoin-sv/arc/blocktx/PeerHandler.go:335.88,336.29 1 0
github.com/bitcoin-sv/arc/blocktx/PeerHandler.go:336.29,339.6 2 0
github.com/bitcoin-sv/arc/blocktx/PeerHandler.go:354.107,356.15 2 0
github.com/bitcoin-sv/arc/blocktx/PeerHandler.go:360.2,362.41 2 0
github.com/bitcoin-sv/arc/blocktx/PeerHandler.go:368.2,368.93 1 0
github.com/bitcoin-sv/arc/blocktx/PeerHandler.go:372.2,372.12 1 0
github.com/bitcoin-sv/arc/blocktx/PeerHandler.go:356.15,358.3 1 0
github.com/bitcoin-sv/arc/blocktx/PeerHandler.go:362.41,366.3 1 0
github.com/bitcoin-sv/arc/blocktx/PeerHandler.go:368.93,370.3 1 0
github.com/bitcoin-sv/arc/blocktx/PeerHandler.go:375.64,378.43 3 1
github.com/bitcoin-sv/arc/blocktx/PeerHandler.go:383.2,383.20 1 1
github.com/bitcoin-sv/arc/blocktx/PeerHandler.go:378.43,381.3 2 2
github.com/bitcoin-sv/arc/blocktx/PeerHandler.go:386.69,388.15 2 0
github.com/bitcoin-sv/arc/blocktx/PeerHandler.go:392.2,393.16 2 0
github.com/bitcoin-sv/arc/blocktx/PeerHandler.go:397.2,407.12 4 0
github.com/bitcoin-sv/arc/blocktx/PeerHandler.go:388.15,390.3 1 0
github.com/bitcoin-sv/arc/blocktx/PeerHandler.go:393.16,395.3 1 0
github.com/bitcoin-sv/arc/blocktx/PeerHandler.go:410.52,417.28 3 2
github.com/bitcoin-sv/arc/blocktx/PeerHandler.go:421.2,423.30 2 2
github.com/bitcoin-sv/arc/blocktx/PeerHandler.go:427.2,427.38 1 2
github.com/bitcoin-sv/arc/blocktx/PeerHandler.go:417.28,419.3 1 0
github.com/bitcoin-sv/arc/blocktx/PeerHandler.go:423.30,425.3 1 5
github.com/bitcoin-sv/arc/blocktx/Server.go:34.99,41.2 1 0
github.com/bitcoin-sv/arc/blocktx/Server.go:44.42,47.9 2 0
github.com/bitcoin-sv/arc/blocktx/Server.go:52.2,54.18 3 0
github.com/bitcoin-sv/arc/blocktx/Server.go:61.2,66.16 4 0
github.com/bitcoin-sv/arc/blocktx/Server.go:70.2,77.47 4 0
github.com/bitcoin-sv/arc/blocktx/Server.go:81.2,81.12 1 0
github.com/bitcoin-sv/arc/blocktx/Server.go:47.9,49.3 1 0
github.com/bitcoin-sv/arc/blocktx/Server.go:54.18,59.3 1 0
github.com/bitcoin-sv/arc/blocktx/Server.go:66.16,68.3 1 0
github.com/bitcoin-sv/arc/blocktx/Server.go:77.47,79.3 1 0
github.com/bitcoin-sv/arc/blocktx/Server.go:84.99,89.2 1 0
github.com/bitcoin-sv/arc/blocktx/Server.go:91.124,93.16 2 0
github.com/bitcoin-sv/arc/blocktx/Server.go:97.2,98.16 2 0
github.com/bitcoin-sv/arc/blocktx/Server.go:105.2,107.8 1 0
github.com/bitcoin-sv/arc/blocktx/Server.go:93.16,95.3 1 0
github.com/bitcoin-sv/arc/blocktx/Server.go:98.16,99.40 1 0
github.com/bitcoin-sv/arc/blocktx/Server.go:102.3,102.18 1 0
github.com/bitcoin-sv/arc/blocktx/Server.go:99.40,101.4 1 0
github.com/bitcoin-sv/arc/blocktx/Server.go:110.156,118.2 2 0
github.com/bitcoin-sv/arc/blocktx/Server.go:120.121,122.2 1 0
github.com/bitcoin-sv/arc/blocktx/Server.go:124.127,126.2 1 0
github.com/bitcoin-sv/arc/blocktx/Server.go:128.125,130.2 1 0
github.com/bitcoin-sv/arc/blocktx/Server.go:132.99,134.16 2 0
github.com/bitcoin-sv/arc/blocktx/Server.go:138.2,138.36 1 0
github.com/bitcoin-sv/arc/blocktx/Server.go:134.16,136.3 1 0
github.com/bitcoin-sv/arc/blocktx/Server.go:141.113,143.2 1 0
github.com/bitcoin-sv/arc/blocktx/Server.go:145.107,147.2 1 0
github.com/bitcoin-sv/arc/blocktx/Server.go:149.140,152.2 2 0
github.com/bitcoin-sv/arc/blocktx/Server.go:154.152,156.2 1 0
github.com/bitcoin-sv/arc/blocktx/Store.go:10.55,12.16 2 0
github.com/bitcoin-sv/arc/blocktx/Store.go:16.2,16.24 1 0
github.com/bitcoin-sv/arc/blocktx/Store.go:12.16,14.3 1 0
github.com/bitcoin-sv/arc/blocktx/BlockNotifier.go:33.78,47.20 4 0
github.com/bitcoin-sv/arc/blocktx/BlockNotifier.go:58.2,63.20 4 0
github.com/bitcoin-sv/arc/blocktx/BlockNotifier.go:67.2,67.34 1 0
github.com/bitcoin-sv/arc/blocktx/BlockNotifier.go:88.2,88.12 1 0
github.com/bitcoin-sv/arc/blocktx/BlockNotifier.go:119.2,119.11 1 0
github.com/bitcoin-sv/arc/blocktx/BlockNotifier.go:48.17,49.25 1 0
github.com/bitcoin-sv/arc/blocktx/BlockNotifier.go:50.17,51.26 1 0
github.com/bitcoin-sv/arc/blocktx/BlockNotifier.go:52.17,53.25 1 0
github.com/bitcoin-sv/arc/blocktx/BlockNotifier.go:54.10,55.54 1 0
github.com/bitcoin-sv/arc/blocktx/BlockNotifier.go:63.20,65.3 1 0
github.com/bitcoin-sv/arc/blocktx/BlockNotifier.go:67.34,69.13 2 0
github.com/bitcoin-sv/arc/blocktx/BlockNotifier.go:72.3,72.17 1 0
github.com/bitcoin-sv/arc/blocktx/BlockNotifier.go:76.3,79.17 3 0
github.com/bitcoin-sv/arc/blocktx/BlockNotifier.go:83.3,83.41 1 0
github.com/bitcoin-sv/arc/blocktx/BlockNotifier.go:69.13,71.4 1 0
github.com/bitcoin-sv/arc/blocktx/BlockNotifier.go:72.17,74.4 1 0
github.com/bitcoin-sv/arc/blocktx/BlockNotifier.go:79.17,81.4 1 0
github.com/bitcoin-sv/arc/blocktx/BlockNotifier.go:83.41,85.4 1 0
github.com/bitcoin-sv/arc/blocktx/BlockNotifier.go:88.12,90.7 1 0
github.com/bitcoin-sv/arc/blocktx/BlockNotifier.go:90.7,91.11 1 0
github.com/bitcoin-sv/arc/blocktx/BlockNotifier.go:92.21,93.14 1 0
github.com/bitcoin-sv/arc/blocktx/BlockNotifier.go:95.36,97.107 2 0
github.com/bitcoin-sv/arc/blocktx/BlockNotifier.go:102.37,104.95 2 0
github.com/bitcoin-sv/arc/blocktx/BlockNotifier.go:106.31,107.37 1 0
github.com/bitcoin-sv/arc/blocktx/BlockNotifier.go:107.37,108.28 1 0
github.com/bitcoin-sv/arc/blocktx/BlockNotifier.go:108.28,109.50 1 0
github.com/bitcoin-sv/arc/blocktx/BlockNotifier.go:109.50,112.8 2 0
github.com/bitcoin-sv/arc/blocktx/BlockNotifier.go:123.37,125.2 1 0
github.com/bitcoin-sv/arc/blocktx/BlockNotifier.go:128.138,136.6 3 0
github.com/bitcoin-sv/arc/blocktx/BlockNotifier.go:136.6,138.3 1 0
github.com/bitcoin-sv/arc/blocktx/BlockNotifier.go:141.62,143.2 1 0
github.com/bitcoin-sv/arc/callbacker/Callbacker.go:30.46,31.14 1 8
github.com/bitcoin-sv/arc/callbacker/Callbacker.go:35.2,38.8 1 7
github.com/bitcoin-sv/arc/callbacker/Callbacker.go:31.14,33.3 1 1
github.com/bitcoin-sv/arc/callbacker/Callbacker.go:41.30,43.12 2 0
github.com/bitcoin-sv/arc/callbacker/Callbacker.go:43.12,44.24 1 0
github.com/bitcoin-sv/arc/callbacker/Callbacker.go:44.24,46.18 2 0
github.com/bitcoin-sv/arc/callbacker/Callbacker.go:46.18,48.5 1 0
github.com/bitcoin-sv/arc/callbacker/Callbacker.go:53.29,55.2 1 0
github.com/bitcoin-sv/arc/callbacker/Callbacker.go:57.106,59.16 2 2
github.com/bitcoin-sv/arc/callbacker/Callbacker.go:64.2,64.12 1 2
github.com/bitcoin-sv/arc/callbacker/Callbacker.go:71.2,71.17 1 2
github.com/bitcoin-sv/arc/callbacker/Callbacker.go:59.16,61.3 1 0
github.com/bitcoin-sv/arc/callbacker/Callbacker.go:64.12,66.17 2 2
github.com/bitcoin-sv/arc/callbacker/Callbacker.go:66.17,68.4 1 1
github.com/bitcoin-sv/arc/callbacker/Callbacker.go:74.44,76.16 2 2
github.com/bitcoin-sv/arc/callbacker/Callbacker.go:80.2,80.24 1 2
github.com/bitcoin-sv/arc/callbacker/Callbacker.go:92.2,92.12 1 2
github.com/bitcoin-sv/arc/callbacker/Callbacker.go:76.16,78.3 1 0
github.com/bitcoin-sv/arc/callbacker/Callbacker.go:80.24,83.40 2 1
github.com/bitcoin-sv/arc/callbacker/Callbacker.go:83.40,86.18 3 1
github.com/bitcoin-sv/arc/callbacker/Callbacker.go:86.18,88.5 1 0
github.com/bitcoin-sv/arc/callbacker/Callbacker.go:95.88,101.31 5 5
github.com/bitcoin-sv/arc/callbacker/Callbacker.go:104.2,112.16 3 5
github.com/bitcoin-sv/arc/callbacker/Callbacker.go:115.2,119.16 4 5
github.com/bitcoin-sv/arc/callbacker/Callbacker.go:122.2,123.26 2 5
github.com/bitcoin-sv/arc/callbacker/Callbacker.go:128.2,133.16 5 5
github.com/bitcoin-sv/arc/callbacker/Callbacker.go:141.2,143.42 2 4
github.com/bitcoin-sv/arc/callbacker/Callbacker.go:149.2,149.12 1 4
github.com/bitcoin-sv/arc/callbacker/Callbacker.go:101.31,103.3 1 4
github.com/bitcoin-sv/arc/callbacker/Callbacker.go:112.16,114.3 1 0
github.com/bitcoin-sv/arc/callbacker/Callbacker.go:119.16,121.3 1 0
github.com/bitcoin-sv/arc/callbacker/Callbacker.go:123.26,125.3 1 5
github.com/bitcoin-sv/arc/callbacker/Callbacker.go:133.16,135.29 2 1
github.com/bitcoin-sv/arc/callbacker/Callbacker.go:139.3,139.13 1 1
github.com/bitcoin-sv/arc/callbacker/Callbacker.go:135.29,137.4 1 0
github.com/bitcoin-sv/arc/callbacker/Callbacker.go:143.42,145.3 1 3
github.com/bitcoin-sv/arc/callbacker/Callbacker.go:145.8,147.3 1 1
github.com/bitcoin-sv/arc/callbacker/Client.go:25.56,30.2 1 0
github.com/bitcoin-sv/arc/callbacker/Client.go:32.98,34.16 2 0
github.com/bitcoin-sv/arc/callbacker/Client.go:37.2,42.16 4 0
github.com/bitcoin-sv/arc/callbacker/Client.go:46.2,46.12 1 0
github.com/bitcoin-sv/arc/callbacker/Client.go:34.16,36.3 1 0
github.com/bitcoin-sv/arc/callbacker/Client.go:42.16,44.3 1 0
github.com/bitcoin-sv/arc/callbacker/Client.go:49.56,58.2 2 0
github.com/bitcoin-sv/arc/callbacker/Server.go:32.60,37.2 1 0
github.com/bitcoin-sv/arc/callbacker/Server.go:40.42,42.9 2 0
github.com/bitcoin-sv/arc/callbacker/Server.go:47.2,57.16 6 0
github.com/bitcoin-sv/arc/callbacker/Server.go:61.2,68.47 4 0
github.com/bitcoin-sv/arc/callbacker/Server.go:72.2,72.12 1 0
github.com/bitcoin-sv/arc/callbacker/Server.go:42.9,44.3 1 0
github.com/bitcoin-sv/arc/callbacker/Server.go:57.16,59.3 1 0
github.com/bitcoin-sv/arc/callbacker/Server.go:68.47,70.3 1 0
github.com/bitcoin-sv/arc/callbacker/Server.go:75.102,80.2 1 0
github.com/bitcoin-sv/arc/callbacker/Server.go:82.141,83.61 1 0
github.com/bitcoin-sv/arc/callbacker/Server.go:87.2,88.16 2 0
github.com/bitcoin-sv/arc/callbacker/Server.go:92.2,94.8 1 0
github.com/bitcoin-sv/arc/callbacker/Server.go:83.61,85.3 1 0
github.com/bitcoin-sv/arc/callbacker/Server.go:88.16,90.3 1 0
github.com/bitcoin-sv/arc/callbacker/Store.go:13.51,15.16 2 0
github.com/bitcoin-sv/arc/callbacker/Store.go:19.2,20.16 2 0
github.com/bitcoin-sv/arc/callbacker/Store.go:24.2,24.27 1 0
github.com/bitcoin-sv/arc/callbacker/Store.go:15.16,17.3 1 0
github.com/bitcoin-sv/arc/callbacker/Store.go:20.16,22.3 1 0
github.com/bitcoin-sv/arc/blocktx/store/sql/GetBlockForHeight.go:11.97,13.15 2 3
github.com/bitcoin-sv/arc/blocktx/store/sql/GetBlockForHeight.go:17.2,33.134 5 3
github.com/bitcoin-sv/arc/blocktx/store/sql/GetBlockForHeight.go:37.2,37.19 1 1
github.com/bitcoin-sv/arc/blocktx/store/sql/GetBlockForHeight.go:13.15,15.3 1 3
github.com/bitcoin-sv/arc/blocktx/store/sql/GetBlockForHeight.go:33.134,35.3 1 2
github.com/bitcoin-sv/arc/blocktx/store/sql/MarkBlockAsDone.go:11.109,13.15 2 0
github.com/bitcoin-sv/arc/blocktx/store/sql/MarkBlockAsDone.go:17.2,17.62 1 0
github.com/bitcoin-sv/arc/blocktx/store/sql/MarkBlockAsDone.go:13.15,15.3 1 0
github.com/bitcoin-sv/arc/blocktx/store/sql/MarkBlockAsDone.go:20.124,26.10 4 0
github.com/bitcoin-sv/arc/blocktx/store/sql/MarkBlockAsDone.go:51.2,51.12 1 0
github.com/bitcoin-sv/arc/blocktx/store/sql/MarkBlockAsDone.go:26.10,35.75 2 0
github.com/bitcoin-sv/arc/blocktx/store/sql/MarkBlockAsDone.go:35.75,37.4 1 0
github.com/bitcoin-sv/arc/blocktx/store/sql/MarkBlockAsDone.go:38.8,46.57 2 0
github.com/bitcoin-sv/arc/blocktx/store/sql/MarkBlockAsDone.go:46.57,48.4 1 0
github.com/bitcoin-sv/arc/blocktx/store/sql/OrphanHeight.go:10.70,12.15 2 1
github.com/bitcoin-sv/arc/blocktx/store/sql/OrphanHeight.go:16.2,16.54 1 1
github.com/bitcoin-sv/arc/blocktx/store/sql/OrphanHeight.go:12.15,14.3 1 1
github.com/bitcoin-sv/arc/blocktx/store/sql/OrphanHeight.go:19.88,21.2 1 1
github.com/bitcoin-sv/arc/blocktx/store/sql/OrphanHeight.go:23.96,33.68 4 2
github.com/bitcoin-sv/arc/blocktx/store/sql/OrphanHeight.go:37.2,37.12 1 2
github.com/bitcoin-sv/arc/blocktx/store/sql/OrphanHeight.go:33.68,35.3 1 0
github.com/bitcoin-sv/arc/blocktx/store/sql/RegisterTransaction.go:19.135,21.15 2 8
github.com/bitcoin-sv/arc/blocktx/store/sql/RegisterTransaction.go:24.2,25.44 2 8
github.com/bitcoin-sv/arc/blocktx/store/sql/RegisterTransaction.go:33.2,36.29 3 8
github.com/bitcoin-sv/arc/blocktx/store/sql/RegisterTransaction.go:40.2,40.30 1 8
github.com/bitcoin-sv/arc/blocktx/store/sql/RegisterTransaction.go:44.2,46.93 2 8
github.com/bitcoin-sv/arc/blocktx/store/sql/RegisterTransaction.go:141.2,141.40 1 6
github.com/bitcoin-sv/arc/blocktx/store/sql/RegisterTransaction.go:21.15,23.3 1 8
github.com/bitcoin-sv/arc/blocktx/store/sql/RegisterTransaction.go:25.44,29.3 3 0
github.com/bitcoin-sv/arc/blocktx/store/sql/RegisterTransaction.go:29.8,31.3 1 8
github.com/bitcoin-sv/arc/blocktx/store/sql/RegisterTransaction.go:36.29,38.3 1 0
github.com/bitcoin-sv/arc/blocktx/store/sql/RegisterTransaction.go:40.30,42.3 1 0
github.com/bitcoin-sv/arc/blocktx/store/sql/RegisterTransaction.go:46.93,48.45 2 2
github.com/bitcoin-sv/arc/blocktx/store/sql/RegisterTransaction.go:53.3,57.33 3 2
github.com/bitcoin-sv/arc/blocktx/store/sql/RegisterTransaction.go:67.3,67.24 1 2
github.com/bitcoin-sv/arc/blocktx/store/sql/RegisterTransaction.go:76.3,76.21 1 2
github.com/bitcoin-sv/arc/blocktx/store/sql/RegisterTransaction.go:79.3,81.17 3 2
github.com/bitcoin-sv/arc/blocktx/store/sql/RegisterTransaction.go:89.3,90.17 2 2
github.com/bitcoin-sv/arc/blocktx/store/sql/RegisterTransaction.go:98.3,98.16 1 2
github.com/bitcoin-sv/arc/blocktx/store/sql/RegisterTransaction.go:129.3,130.134 2 2
github.com/bitcoin-sv/arc/blocktx/store/sql/RegisterTransaction.go:137.3,137.29 1 2
github.com/bitcoin-sv/arc/blocktx/store/sql/RegisterTransaction.go:48.45,51.4 2 0
github.com/bitcoin-sv/arc/blocktx/store/sql/RegisterTransaction.go:57.33,59.4 1 0
github.com/bitcoin-sv/arc/blocktx/store/sql/RegisterTransaction.go:59.9,62.33 2 2
github.com/bitcoin-sv/arc/blocktx/store/sql/RegisterTransaction.go:62.33,64.5 1 2
github.com/bitcoin-sv/arc/blocktx/store/sql/RegisterTransaction.go:67.24,68.22 1 0
github.com/bitcoin-sv/arc/blocktx/store/sql/RegisterTransaction.go:72.4,72.26 1 0
github.com/bitcoin-sv/arc/blocktx/store/sql/RegisterTransaction.go:68.22,71.5 2 0
github.com/bitcoin-sv/arc/blocktx/store/sql/RegisterTransaction.go:76.21,78.4 1 0
github.com/bitcoin-sv/arc/blocktx/store/sql/RegisterTransaction.go:81.17,82.22 1 0
github.com/bitcoin-sv/arc/blocktx/store/sql/RegisterTransaction.go:86.4,86.26 1 0
github.com/bitcoin-sv/arc/blocktx/store/sql/RegisterTransaction.go:82.22,85.5 2 0
github.com/bitcoin-sv/arc/blocktx/store/sql/RegisterTransaction.go:90.17,91.22 1 0
github.com/bitcoin-sv/arc/blocktx/store/sql/RegisterTransaction.go:95.4,95.26 1 0
github.com/bitcoin-sv/arc/blocktx/store/sql/RegisterTransaction.go:91.22,94.5 2 0
github.com/bitcoin-sv/arc/blocktx/store/sql/RegisterTransaction.go:98.16,104.22 3 0
github.com/bitcoin-sv/arc/blocktx/store/sql/RegisterTransaction.go:107.4,117.68 1 0
github.com/bitcoin-sv/arc/blocktx/store/sql/RegisterTransaction.go:125.4,125.61 1 0
github.com/bitcoin-sv/arc/blocktx/store/sql/RegisterTransaction.go:104.22,106.5 1 0
github.com/bitcoin-sv/arc/blocktx/store/sql/RegisterTransaction.go:117.68,118.23 1 0
github.com/bitcoin-sv/arc/blocktx/store/sql/RegisterTransaction.go:122.5,122.27 1 0
github.com/bitcoin-sv/arc/blocktx/store/sql/RegisterTransaction.go:118.23,121.6 2 0
github.com/bitcoin-sv/arc/blocktx/store/sql/RegisterTransaction.go:130.134,131.22 1 0
github.com/bitcoin-sv/arc/blocktx/store/sql/RegisterTransaction.go:135.4,135.26 1 0
github.com/bitcoin-sv/arc/blocktx/store/sql/RegisterTransaction.go:131.22,134.5 2 0
github.com/bitcoin-sv/arc/blocktx/store/sql/GetBlock.go:14.95,16.15 2 0
github.com/bitcoin-sv/arc/blocktx/store/sql/GetBlock.go:20.2,46.16 6 0
github.com/bitcoin-sv/arc/blocktx/store/sql/GetBlock.go:53.2,55.20 2 0
github.com/bitcoin-sv/arc/blocktx/store/sql/GetBlock.go:16.15,18.3 1 0
github.com/bitcoin-sv/arc/blocktx/store/sql/GetBlock.go:46.16,47.36 1 0
github.com/bitcoin-sv/arc/blocktx/store/sql/GetBlock.go:50.3,50.18 1 0
github.com/bitcoin-sv/arc/blocktx/store/sql/GetBlock.go:47.36,49.4 1 0
github.com/bitcoin-sv/arc/blocktx/store/sql/GetMinedTransactionsForBlock.go:13.149,15.15 2 0
github.com/bitcoin-sv/arc/blocktx/store/sql/GetMinedTransactionsForBlock.go:19.2,56.16 7 0
github.com/bitcoin-sv/arc/blocktx/store/sql/GetMinedTransactionsForBlock.go:60.2,63.50 3 0
github.com/bitcoin-sv/arc/blocktx/store/sql/GetMinedTransactionsForBlock.go:67.2,72.18 4 0
github.com/bitcoin-sv/arc/blocktx/store/sql/GetMinedTransactionsForBlock.go:83.2,86.8 1 0
github.com/bitcoin-sv/arc/blocktx/store/sql/GetMinedTransactionsForBlock.go:15.15,17.3 1 0
github.com/bitcoin-sv/arc/blocktx/store/sql/GetMinedTransactionsForBlock.go:56.16,58.3 1 0
github.com/bitcoin-sv/arc/blocktx/store/sql/GetMinedTransactionsForBlock.go:63.50,65.3 1 0
github.com/bitcoin-sv/arc/blocktx/store/sql/GetMinedTransactionsForBlock.go:72.18,74.17 2 0
github.com/bitcoin-sv/arc/blocktx/store/sql/GetMinedTransactionsForBlock.go:78.3,80.5 1 0
github.com/bitcoin-sv/arc/blocktx/store/sql/GetMinedTransactionsForBlock.go:74.17,76.4 1 0
github.com/bitcoin-sv/arc/blocktx/store/sql/GetTransactionBlock.go:10.122,12.15 2 0
github.com/bitcoin-sv/arc/blocktx/store/sql/GetTransactionBlock.go:16.2,30.104 5 0
github.com/bitcoin-sv/arc/blocktx/store/sql/GetTransactionBlock.go:35.2,35.19 1 0
github.com/bitcoin-sv/arc/blocktx/store/sql/GetTransactionBlock.go:12.15,14.3 1 0
github.com/bitcoin-sv/arc/blocktx/store/sql/GetTransactionBlock.go:30.104,33.3 1 0
github.com/bitcoin-sv/arc/blocktx/store/sql/GetLastProcessedBlock.go:10.86,12.15 2 0
github.com/bitcoin-sv/arc/blocktx/store/sql/GetLastProcessedBlock.go:16.2,34.143 5 0
github.com/bitcoin-sv/arc/blocktx/store/sql/GetLastProcessedBlock.go:38.2,38.19 1 0
github.com/bitcoin-sv/arc/blocktx/store/sql/GetLastProcessedBlock.go:12.15,14.3 1 0
github.com/bitcoin-sv/arc/blocktx/store/sql/GetLastProcessedBlock.go:34.143,36.3 1 0
github.com/bitcoin-sv/arc/blocktx/store/sql/GetTransactionSource.go:14.97,16.15 2 1
github.com/bitcoin-sv/arc/blocktx/store/sql/GetTransactionSource.go:20.2,32.78 5 1
github.com/bitcoin-sv/arc/blocktx/store/sql/GetTransactionSource.go:39.2,39.27 1 1
github.com/bitcoin-sv/arc/blocktx/store/sql/GetTransactionSource.go:16.15,18.3 1 1
github.com/bitcoin-sv/arc/blocktx/store/sql/GetTransactionSource.go:32.78,33.36 1 0
github.com/bitcoin-sv/arc/blocktx/store/sql/GetTransactionSource.go:36.3,36.17 1 0
github.com/bitcoin-sv/arc/blocktx/store/sql/GetTransactionSource.go:33.36,35.4 1 0
github.com/bitcoin-sv/arc/blocktx/store/sql/sql.go:22.13,24.2 1 1
github.com/bitcoin-sv/arc/blocktx/store/sql/sql.go:26.50,35.16 6 3
github.com/bitcoin-sv/arc/blocktx/store/sql/sql.go:106.2,109.8 1 3
github.com/bitcoin-sv/arc/blocktx/store/sql/sql.go:36.18,46.17 8 0
github.com/bitcoin-sv/arc/blocktx/store/sql/sql.go:50.3,55.50 5 0
github.com/bitcoin-sv/arc/blocktx/store/sql/sql.go:59.23,61.14 2 3
github.com/bitcoin-sv/arc/blocktx/store/sql/sql.go:62.16,64.13 2 3
github.com/bitcoin-sv/arc/blocktx/store/sql/sql.go:81.3,84.17 3 3
github.com/bitcoin-sv/arc/blocktx/store/sql/sql.go:88.3,88.65 1 3
github.com/bitcoin-sv/arc/blocktx/store/sql/sql.go:93.3,93.69 1 3
github.com/bitcoin-sv/arc/blocktx/store/sql/sql.go:98.3,98.48 1 3
github.com/bitcoin-sv/arc/blocktx/store/sql/sql.go:102.10,103.64 1 0
github.com/bitcoin-sv/arc/blocktx/store/sql/sql.go:46.17,48.4 1 0
github.com/bitcoin-sv/arc/blocktx/store/sql/sql.go:55.50,57.4 1 0
github.com/bitcoin-sv/arc/blocktx/store/sql/sql.go:64.13,66.4 1 3
github.com/bitcoin-sv/arc/blocktx/store/sql/sql.go:66.9,68.51 2 0
github.com/bitcoin-sv/arc/blocktx/store/sql/sql.go:72.4,73.18 2 0
github.com/bitcoin-sv/arc/blocktx/store/sql/sql.go:78.4,78.107 1 0
github.com/bitcoin-sv/arc/blocktx/store/sql/sql.go:68.51,70.5 1 0
github.com/bitcoin-sv/arc/blocktx/store/sql/sql.go:73.18,75.5 1 0
github.com/bitcoin-sv/arc/blocktx/store/sql/sql.go:84.17,86.4 1 0
github.com/bitcoin-sv/arc/blocktx/store/sql/sql.go:88.65,91.4 2 0
github.com/bitcoin-sv/arc/blocktx/store/sql/sql.go:93.69,96.4 2 0
github.com/bitcoin-sv/arc/blocktx/store/sql/sql.go:98.48,100.4 1 0
github.com/bitcoin-sv/arc/blocktx/store/sql/sql.go:112.29,114.2 1 0
github.com/bitcoin-sv/arc/blocktx/store/sql/sql.go:116.45,130.17 1 0
github.com/bitcoin-sv/arc/blocktx/store/sql/sql.go:135.2,135.105 1 0
github.com/bitcoin-sv/arc/blocktx/store/sql/sql.go:140.2,140.134 1 0
github.com/bitcoin-sv/arc/blocktx/store/sql/sql.go:145.2,151.17 1 0
github.com/bitcoin-sv/arc/blocktx/store/sql/sql.go:156.2,156.117 1 0
github.com/bitcoin-sv/arc/blocktx/store/sql/sql.go:161.2,168.17 1 0
github.com/bitcoin-sv/arc/blocktx/store/sql/sql.go:173.2,187.16 1 0
github.com/bitcoin-sv/arc/blocktx/store/sql/sql.go:192.2,196.17 1 0
github.com/bitcoin-sv/arc/blocktx/store/sql/sql.go:201.2,201.12 1 0
github.com/bitcoin-sv/arc/blocktx/store/sql/sql.go:130.17,133.3 2 0
github.com/bitcoin-sv/arc/blocktx/store/sql/sql.go:135.105,138.3 2 0
github.com/bitcoin-sv/arc/blocktx/store/sql/sql.go:140.134,143.3 2 0
github.com/bitcoin-sv/arc/blocktx/store/sql/sql.go:151.17,154.3 2 0
github.com/bitcoin-sv/arc/blocktx/store/sql/sql.go:156.117,159.3 2 0
github.com/bitcoin-sv/arc/blocktx/store/sql/sql.go:168.17,171.3 2 0
github.com/bitcoin-sv/arc/blocktx/store/sql/sql.go:187.16,190.3 2 0
github.com/bitcoin-sv/arc/blocktx/store/sql/sql.go:196.17,199.3 2 0
github.com/bitcoin-sv/arc/blocktx/store/sql/sql.go:204.43,218.17 1 3
github.com/bitcoin-sv/arc/blocktx/store/sql/sql.go:223.2,223.105 1 3
github.com/bitcoin-sv/arc/blocktx/store/sql/sql.go:228.2,228.134 1 3
github.com/bitcoin-sv/arc/blocktx/store/sql/sql.go:233.2,239.17 1 3
github.com/bitcoin-sv/arc/blocktx/store/sql/sql.go:244.2,244.117 1 3
github.com/bitcoin-sv/arc/blocktx/store/sql/sql.go:249.2,258.17 1 3
github.com/bitcoin-sv/arc/blocktx/store/sql/sql.go:263.2,263.12 1 3
github.com/bitcoin-sv/arc/blocktx/store/sql/sql.go:218.17,221.3 2 0
github.com/bitcoin-sv/arc/blocktx/store/sql/sql.go:223.105,226.3 2 0
github.com/bitcoin-sv/arc/blocktx/store/sql/sql.go:228.134,231.3 2 0
github.com/bitcoin-sv/arc/blocktx/store/sql/sql.go:239.17,242.3 2 0
github.com/bitcoin-sv/arc/blocktx/store/sql/sql.go:244.117,247.3 2 0
github.com/bitcoin-sv/arc/blocktx/store/sql/sql.go:258.17,261.3 2 0
github.com/bitcoin-sv/arc/blocktx/store/sql/InsertBlockTransactions.go:14.132,16.15 2 1
github.com/bitcoin-sv/arc/blocktx/store/sql/InsertBlockTransactions.go:20.2,29.16 4 1
github.com/bitcoin-sv/arc/blocktx/store/sql/InsertBlockTransactions.go:33.2,42.36 3 1
github.com/bitcoin-sv/arc/blocktx/store/sql/InsertBlockTransactions.go:72.2,72.23 1 1
github.com/bitcoin-sv/arc/blocktx/store/sql/InsertBlockTransactions.go:78.2,78.12 1 1
github.com/bitcoin-sv/arc/blocktx/store/sql/InsertBlockTransactions.go:16.15,18.3 1 1
github.com/bitcoin-sv/arc/blocktx/store/sql/InsertBlockTransactions.go:29.16,31.3 1 0
github.com/bitcoin-sv/arc/blocktx/store/sql/InsertBlockTransactions.go:42.36,45.70 2 5
github.com/bitcoin-sv/arc/blocktx/store/sql/InsertBlockTransactions.go:60.3,63.28 2 5
github.com/bitcoin-sv/arc/blocktx/store/sql/InsertBlockTransactions.go:45.70,46.28 1 5
github.com/bitcoin-sv/arc/blocktx/store/sql/InsertBlockTransactions.go:46.28,51.41 1 5
github.com/bitcoin-sv/arc/blocktx/store/sql/InsertBlockTransactions.go:51.41,53.6 1 0
github.com/bitcoin-sv/arc/blocktx/store/sql/InsertBlockTransactions.go:54.10,56.5 1 0
github.com/bitcoin-sv/arc/blocktx/store/sql/InsertBlockTransactions.go:63.28,64.60 1 0
github.com/bitcoin-sv/arc/blocktx/store/sql/InsertBlockTransactions.go:67.4,67.27 1 0
github.com/bitcoin-sv/arc/blocktx/store/sql/InsertBlockTransactions.go:64.60,66.5 1 0
github.com/bitcoin-sv/arc/blocktx/store/sql/InsertBlockTransactions.go:72.23,73.59 1 1
github.com/bitcoin-sv/arc/blocktx/store/sql/InsertBlockTransactions.go:73.59,75.4 1 0
github.com/bitcoin-sv/arc/blocktx/store/sql/InsertBlockTransactions.go:81.95,88.16 4 1
github.com/bitcoin-sv/arc/blocktx/store/sql/InsertBlockTransactions.go:92.2,92.12 1 1
github.com/bitcoin-sv/arc/blocktx/store/sql/InsertBlockTransactions.go:88.16,90.3 1 0
github.com/bitcoin-sv/arc/blocktx/store/sql/GetBlockTransactions.go:11.118,13.15 2 1
github.com/bitcoin-sv/arc/blocktx/store/sql/GetBlockTransactions.go:17.2,31.16 5 1
github.com/bitcoin-sv/arc/blocktx/store/sql/GetBlockTransactions.go:36.2,41.18 4 1
github.com/bitcoin-sv/arc/blocktx/store/sql/GetBlockTransactions.go:52.2,54.8 1 1
github.com/bitcoin-sv/arc/blocktx/store/sql/GetBlockTransactions.go:13.15,15.3 1 1
github.com/bitcoin-sv/arc/blocktx/store/sql/GetBlockTransactions.go:31.16,34.3 1 0
github.com/bitcoin-sv/arc/blocktx/store/sql/GetBlockTransactions.go:41.18,43.17 2 5
github.com/bitcoin-sv/arc/blocktx/store/sql/GetBlockTransactions.go:47.3,49.5 1 5
github.com/bitcoin-sv/arc/blocktx/store/sql/GetBlockTransactions.go:43.17,45.4 1 0
github.com/bitcoin-sv/arc/blocktx/store/sql/GetTransactionBlocks.go:10.124,12.15 2 1
github.com/bitcoin-sv/arc/blocktx/store/sql/GetTransactionBlocks.go:16.2,29.16 5 1
github.com/bitcoin-sv/arc/blocktx/store/sql/GetTransactionBlocks.go:34.2,40.18 4 1
github.com/bitcoin-sv/arc/blocktx/store/sql/GetTransactionBlocks.go:51.2,53.8 1 1
github.com/bitcoin-sv/arc/blocktx/store/sql/GetTransactionBlocks.go:12.15,14.3 1 1
github.com/bitcoin-sv/arc/blocktx/store/sql/GetTransactionBlocks.go:29.16,32.3 1 0
github.com/bitcoin-sv/arc/blocktx/store/sql/GetTransactionBlocks.go:40.18,42.17 2 1
github.com/bitcoin-sv/arc/blocktx/store/sql/GetTransactionBlocks.go:46.3,48.5 1 1
github.com/bitcoin-sv/arc/blocktx/store/sql/GetTransactionBlocks.go:42.17,44.4 1 0
github.com/bitcoin-sv/arc/blocktx/store/sql/InsertBlock.go:13.90,15.15 2 1
github.com/bitcoin-sv/arc/blocktx/store/sql/InsertBlock.go:19.2,40.132 5 1
github.com/bitcoin-sv/arc/blocktx/store/sql/InsertBlock.go:59.2,59.21 1 1
github.com/bitcoin-sv/arc/blocktx/store/sql/InsertBlock.go:15.15,17.3 1 1
github.com/bitcoin-sv/arc/blocktx/store/sql/InsertBlock.go:40.132,41.27 1 0
github.com/bitcoin-sv/arc/blocktx/store/sql/InsertBlock.go:41.27,51.82 2 0
github.com/bitcoin-sv/arc/blocktx/store/sql/InsertBlock.go:51.82,53.5 1 0
github.com/bitcoin-sv/arc/blocktx/store/sql/InsertBlock.go:54.9,56.4 1 0
github.com/bitcoin-sv/arc/metamorph/store/Interface.go:30.54,34.44 2 1
github.com/bitcoin-sv/arc/metamorph/store/Interface.go:39.2,39.84 1 1
github.com/bitcoin-sv/arc/metamorph/store/Interface.go:42.2,42.47 1 1
github.com/bitcoin-sv/arc/metamorph/store/Interface.go:47.2,47.54 1 1
github.com/bitcoin-sv/arc/metamorph/store/Interface.go:52.2,52.57 1 1
github.com/bitcoin-sv/arc/metamorph/store/Interface.go:57.2,57.53 1 1
github.com/bitcoin-sv/arc/metamorph/store/Interface.go:62.2,62.50 1 1
github.com/bitcoin-sv/arc/metamorph/store/Interface.go:67.2,67.72 1 1
github.com/bitcoin-sv/arc/metamorph/store/Interface.go:72.2,72.77 1 1
github.com/bitcoin-sv/arc/metamorph/store/Interface.go:77.2,77.55 1 1
github.com/bitcoin-sv/arc/metamorph/store/Interface.go:82.2,82.20 1 1
github.com/bitcoin-sv/arc/metamorph/store/Interface.go:93.2,93.59 1 1
github.com/bitcoin-sv/arc/metamorph/store/Interface.go:98.2,98.61 1 1
github.com/bitcoin-sv/arc/metamorph/store/Interface.go:103.2,103.60 1 1
github.com/bitcoin-sv/arc/metamorph/store/Interface.go:107.2,107.25 1 1
github.com/bitcoin-sv/arc/metamorph/store/Interface.go:34.44,36.3 1 0
github.com/bitcoin-sv/arc/metamorph/store/Interface.go:39.84,41.3 1 0
github.com/bitcoin-sv/arc/metamorph/store/Interface.go:42.47,44.3 1 0
github.com/bitcoin-sv/arc/metamorph/store/Interface.go:47.54,49.3 1 0
github.com/bitcoin-sv/arc/metamorph/store/Interface.go:52.57,54.3 1 0
github.com/bitcoin-sv/arc/metamorph/store/Interface.go:57.53,59.3 1 0
github.com/bitcoin-sv/arc/metamorph/store/Interface.go:62.50,64.3 1 0
github.com/bitcoin-sv/arc/metamorph/store/Interface.go:67.72,69.3 1 0
github.com/bitcoin-sv/arc/metamorph/store/Interface.go:72.77,74.3 1 0
github.com/bitcoin-sv/arc/metamorph/store/Interface.go:77.55,79.3 1 0
github.com/bitcoin-sv/arc/metamorph/store/Interface.go:82.20,83.45 1 0
github.com/bitcoin-sv/arc/metamorph/store/Interface.go:83.45,85.4 1 0
github.com/bitcoin-sv/arc/metamorph/store/Interface.go:86.8,87.45 1 1
github.com/bitcoin-sv/arc/metamorph/store/Interface.go:87.45,89.4 1 0
github.com/bitcoin-sv/arc/metamorph/store/Interface.go:93.59,95.3 1 0
github.com/bitcoin-sv/arc/metamorph/store/Interface.go:98.61,100.3 1 0
github.com/bitcoin-sv/arc/metamorph/store/Interface.go:103.60,105.3 1 0
github.com/bitcoin-sv/arc/metamorph/store/Interface.go:110.52,117.16 4 1
github.com/bitcoin-sv/arc/metamorph/store/Interface.go:121.2,121.21 1 1
github.com/bitcoin-sv/arc/metamorph/store/Interface.go:126.2,127.71 2 1
github.com/bitcoin-sv/arc/metamorph/store/Interface.go:131.2,133.16 3 1
github.com/bitcoin-sv/arc/metamorph/store/Interface.go:136.2,136.25 1 1
github.com/bitcoin-sv/arc/metamorph/store/Interface.go:141.2,141.52 1 1
github.com/bitcoin-sv/arc/metamorph/store/Interface.go:146.2,146.55 1 1
github.com/bitcoin-sv/arc/metamorph/store/Interface.go:151.2,151.51 1 1
github.com/bitcoin-sv/arc/metamorph/store/Interface.go:156.2,156.48 1 1
github.com/bitcoin-sv/arc/metamorph/store/Interface.go:161.2,162.70 2 1
github.com/bitcoin-sv/arc/metamorph/store/Interface.go:165.2,168.76 2 1
github.com/bitcoin-sv/arc/metamorph/store/Interface.go:173.2,173.53 1 1
github.com/bitcoin-sv/arc/metamorph/store/Interface.go:178.2,179.47 2 1
github.com/bitcoin-sv/arc/metamorph/store/Interface.go:182.2,185.57 2 1
github.com/bitcoin-sv/arc/metamorph/store/Interface.go:190.2,190.59 1 1
github.com/bitcoin-sv/arc/metamorph/store/Interface.go:195.2,195.58 1 1
github.com/bitcoin-sv/arc/metamorph/store/Interface.go:199.2,199.16 1 1
github.com/bitcoin-sv/arc/metamorph/store/Interface.go:117.16,119.3 1 0
github.com/bitcoin-sv/arc/metamorph/store/Interface.go:121.21,123.3 1 0
github.com/bitcoin-sv/arc/metamorph/store/Interface.go:127.71,129.3 1 0
github.com/bitcoin-sv/arc/metamorph/store/Interface.go:133.16,135.3 1 0
github.com/bitcoin-sv/arc/metamorph/store/Interface.go:136.25,138.3 1 0
github.com/bitcoin-sv/arc/metamorph/store/Interface.go:141.52,143.3 1 0
github.com/bitcoin-sv/arc/metamorph/store/Interface.go:146.55,148.3 1 0
github.com/bitcoin-sv/arc/metamorph/store/Interface.go:151.51,153.3 1 0
github.com/bitcoin-sv/arc/metamorph/store/Interface.go:156.48,158.3 1 0
github.com/bitcoin-sv/arc/metamorph/store/Interface.go:162.70,164.3 1 0
github.com/bitcoin-sv/arc/metamorph/store/Interface.go:168.76,170.3 1 0
github.com/bitcoin-sv/arc/metamorph/store/Interface.go:173.53,175.3 1 0
github.com/bitcoin-sv/arc/metamorph/store/Interface.go:179.47,181.3 1 0
github.com/bitcoin-sv/arc/metamorph/store/Interface.go:185.57,187.3 1 0
github.com/bitcoin-sv/arc/metamorph/store/Interface.go:190.59,192.3 1 0
github.com/bitcoin-sv/arc/metamorph/store/Interface.go:195.58,197.3 1 0
github.com/bitcoin-sv/arc/metamorph/store/Interface.go:217.56,218.17 1 4
github.com/bitcoin-sv/arc/metamorph/store/Interface.go:221.2,221.59 1 3
github.com/bitcoin-sv/arc/metamorph/store/Interface.go:218.17,220.3 1 1
github.com/bitcoin-sv/arc/metamorph/store/Interface.go:224.51,226.70 2 4
github.com/bitcoin-sv/arc/metamorph/store/Interface.go:229.2,229.19 1 4
github.com/bitcoin-sv/arc/metamorph/store/Interface.go:233.2,233.36 1 3
github.com/bitcoin-sv/arc/metamorph/store/Interface.go:226.70,228.3 1 0
github.com/bitcoin-sv/arc/metamorph/store/Interface.go:229.19,231.3 1 1
github.com/bitcoin-sv/arc/metamorph/store/Interface.go:236.64,237.17 1 4
github.com/bitcoin-sv/arc/metamorph/store/Interface.go:244.2,244.44 1 2
github.com/bitcoin-sv/arc/metamorph/store/Interface.go:247.2,247.56 1 2
github.com/bitcoin-sv/arc/metamorph/store/Interface.go:251.2,251.12 1 2
github.com/bitcoin-sv/arc/metamorph/store/Interface.go:237.17,238.45 1 2
github.com/bitcoin-sv/arc/metamorph/store/Interface.go:241.3,241.13 1 2
github.com/bitcoin-sv/arc/metamorph/store/Interface.go:238.45,240.4 1 0
github.com/bitcoin-sv/arc/metamorph/store/Interface.go:244.44,246.3 1 0
github.com/bitcoin-sv/arc/metamorph/store/Interface.go:247.56,249.3 1 0
github.com/bitcoin-sv/arc/metamorph/store/Interface.go:254.57,257.16 3 4
github.com/bitcoin-sv/arc/metamorph/store/Interface.go:260.2,260.12 1 4
github.com/bitcoin-sv/arc/metamorph/store/Interface.go:264.2,264.26 1 4
github.com/bitcoin-sv/arc/metamorph/store/Interface.go:279.2,280.21 2 2
github.com/bitcoin-sv/arc/metamorph/store/Interface.go:257.16,259.3 1 0
github.com/bitcoin-sv/arc/metamorph/store/Interface.go:260.12,262.3 1 0
github.com/bitcoin-sv/arc/metamorph/store/Interface.go:264.26,269.17 4 2
github.com/bitcoin-sv/arc/metamorph/store/Interface.go:272.3,272.14 1 2
github.com/bitcoin-sv/arc/metamorph/store/Interface.go:276.3,276.38 1 2
github.com/bitcoin-sv/arc/metamorph/store/Interface.go:269.17,271.4 1 0
github.com/bitcoin-sv/arc/metamorph/store/Interface.go:272.14,274.4 1 0
github.com/bitcoin-sv/arc/metamorph/store/Interface.go:283.56,284.78 1 3
github.com/bitcoin-sv/arc/metamorph/store/Interface.go:288.2,288.50 1 3
github.com/bitcoin-sv/arc/metamorph/store/Interface.go:292.2,292.12 1 3
github.com/bitcoin-sv/arc/metamorph/store/Interface.go:284.78,286.3 1 0
github.com/bitcoin-sv/arc/metamorph/store/Interface.go:288.50,290.3 1 0
github.com/bitcoin-sv/arc/metamorph/store/Interface.go:295.50,297.71 2 3
github.com/bitcoin-sv/arc/metamorph/store/Interface.go:301.2,301.20 1 3
github.com/bitcoin-sv/arc/metamorph/store/Interface.go:305.2,307.16 3 1
github.com/bitcoin-sv/arc/metamorph/store/Interface.go:310.2,310.25 1 1
github.com/bitcoin-sv/arc/metamorph/store/Interface.go:314.2,314.28 1 1
github.com/bitcoin-sv/arc/metamorph/store/Interface.go:297.71,299.3 1 0
github.com/bitcoin-sv/arc/metamorph/store/Interface.go:301.20,303.3 1 2
github.com/bitcoin-sv/arc/metamorph/store/Interface.go:307.16,309.3 1 0
github.com/bitcoin-sv/arc/metamorph/store/Interface.go:310.25,312.3 1 0
github.com/bitcoin-sv/arc/metamorph/store/utils.go:11.34,13.2 1 0
github.com/bitcoin-sv/arc/metamorph/store/utils.go:15.60,17.22 2 0
github.com/bitcoin-sv/arc/metamorph/store/utils.go:24.2,24.15 1 0
github.com/bitcoin-sv/arc/metamorph/store/utils.go:17.22,18.25 1 0
github.com/bitcoin-sv/arc/metamorph/store/utils.go:18.25,20.4 1 0
github.com/bitcoin-sv/arc/metamorph/store/utils.go:20.9,22.4 1 0
github.com/bitcoin-sv/arc/api/handler/default.go:35.126,37.16 2 12
github.com/bitcoin-sv/arc/api/handler/default.go:41.2,47.21 2 12
github.com/bitcoin-sv/arc/api/handler/default.go:37.16,39.3 1 0
github.com/bitcoin-sv/arc/api/handler/default.go:50.62,68.2 4 1
github.com/bitcoin-sv/arc/api/handler/default.go:70.62,76.37 4 6
github.com/bitcoin-sv/arc/api/handler/default.go:82.2,82.24 1 6
github.com/bitcoin-sv/arc/api/handler/default.go:76.37,80.3 3 6
github.com/bitcoin-sv/arc/api/handler/default.go:86.102,91.16 4 13
github.com/bitcoin-sv/arc/api/handler/default.go:100.2,101.50 2 13
github.com/bitcoin-sv/arc/api/handler/default.go:145.2,150.24 4 6
github.com/bitcoin-sv/arc/api/handler/default.go:156.2,163.40 6 6
github.com/bitcoin-sv/arc/api/handler/default.go:91.16,98.3 6 0
github.com/bitcoin-sv/arc/api/handler/default.go:102.20,103.70 1 4
github.com/bitcoin-sv/arc/api/handler/default.go:111.26,114.54 3 4
github.com/bitcoin-sv/arc/api/handler/default.go:122.3,124.63 2 2
github.com/bitcoin-sv/arc/api/handler/default.go:132.34,133.61 1 4
github.com/bitcoin-sv/arc/api/handler/default.go:141.10,142.63 1 1
github.com/bitcoin-sv/arc/api/handler/default.go:103.70,110.4 6 2
github.com/bitcoin-sv/arc/api/handler/default.go:114.54,121.4 6 2
github.com/bitcoin-sv/arc/api/handler/default.go:124.63,131.4 6 0
github.com/bitcoin-sv/arc/api/handler/default.go:133.61,140.4 6 2
github.com/bitcoin-sv/arc/api/handler/default.go:150.24,154.3 2 0
github.com/bitcoin-sv/arc/api/handler/default.go:167.84,174.16 5 0
github.com/bitcoin-sv/arc/api/handler/default.go:191.2,191.15 1 0
github.com/bitcoin-sv/arc/api/handler/default.go:195.2,201.4 1 0
github.com/bitcoin-sv/arc/api/handler/default.go:174.16,175.64 1 0
github.com/bitcoin-sv/arc/api/handler/default.go:183.3,188.48 6 0
github.com/bitcoin-sv/arc/api/handler/default.go:175.64,181.4 5 0
github.com/bitcoin-sv/arc/api/handler/default.go:191.15,193.3 1 0
github.com/bitcoin-sv/arc/api/handler/default.go:205.104,215.59 4 13
github.com/bitcoin-sv/arc/api/handler/default.go:225.2,230.50 4 13
github.com/bitcoin-sv/arc/api/handler/default.go:340.2,345.46 3 6
github.com/bitcoin-sv/arc/api/handler/default.go:215.59,218.17 3 6
github.com/bitcoin-sv/arc/api/handler/default.go:222.3,222.39 1 3
github.com/bitcoin-sv/arc/api/handler/default.go:218.17,220.4 1 3
github.com/bitcoin-sv/arc/api/handler/default.go:231.26,233.17 2 4
github.com/bitcoin-sv/arc/api/handler/default.go:242.3,243.54 2 4
github.com/bitcoin-sv/arc/api/handler/default.go:252.3,253.33 2 2
github.com/bitcoin-sv/arc/api/handler/default.go:261.3,261.12 1 2
github.com/bitcoin-sv/arc/api/handler/default.go:262.34,263.59 1 4
github.com/bitcoin-sv/arc/api/handler/default.go:270.3,270.14 1 4
github.com/bitcoin-sv/arc/api/handler/default.go:271.20,281.7 6 8
github.com/bitcoin-sv/arc/api/handler/default.go:335.3,335.12 1 4
github.com/bitcoin-sv/arc/api/handler/default.go:336.10,337.63 1 1
github.com/bitcoin-sv/arc/api/handler/default.go:233.17,240.4 6 0
github.com/bitcoin-sv/arc/api/handler/default.go:243.54,250.4 6 2
github.com/bitcoin-sv/arc/api/handler/default.go:253.33,256.34 2 2
github.com/bitcoin-sv/arc/api/handler/default.go:256.34,259.5 2 2
github.com/bitcoin-sv/arc/api/handler/default.go:263.59,265.46 2 6
github.com/bitcoin-sv/arc/api/handler/default.go:268.4,268.20 1 2
github.com/bitcoin-sv/arc/api/handler/default.go:265.46,267.5 1 4
github.com/bitcoin-sv/arc/api/handler/default.go:281.7,285.18 3 12
github.com/bitcoin-sv/arc/api/handler/default.go:296.4,296.19 1 11
github.com/bitcoin-sv/arc/api/handler/default.go:305.4,309.32 4 4
github.com/bitcoin-sv/arc/api/handler/default.go:285.18,286.32 1 8
github.com/bitcoin-sv/arc/api/handler/default.go:286.32,293.6 6 1
github.com/bitcoin-sv/arc/api/handler/default.go:296.19,297.23 1 7
github.com/bitcoin-sv/arc/api/handler/default.go:302.5,302.10 1 4
github.com/bitcoin-sv/arc/api/handler/default.go:297.23,300.6 1 3
github.com/bitcoin-sv/arc/api/handler/default.go:309.32,310.18 1 4
github.com/bitcoin-sv/arc/api/handler/default.go:315.5,316.29 2 4
github.com/bitcoin-sv/arc/api/handler/default.go:310.18,313.6 2 4
github.com/bitcoin-sv/arc/api/handler/default.go:316.29,324.6 6 0
github.com/bitcoin-sv/arc/api/handler/default.go:324.11,332.6 5 4
github.com/bitcoin-sv/arc/api/handler/default.go:348.139,350.16 2 2
github.com/bitcoin-sv/arc/api/handler/default.go:357.2,358.26 2 2
github.com/bitcoin-sv/arc/api/handler/default.go:366.2,366.17 1 2
github.com/bitcoin-sv/arc/api/handler/default.go:350.16,355.3 4 0
github.com/bitcoin-sv/arc/api/handler/default.go:358.26,364.3 4 0
github.com/bitcoin-sv/arc/api/handler/default.go:369.86,371.2 1 6
github.com/bitcoin-sv/arc/api/handler/default.go:373.88,375.32 2 19
github.com/bitcoin-sv/arc/api/handler/default.go:381.2,381.32 1 19
github.com/bitcoin-sv/arc/api/handler/default.go:386.2,386.34 1 19
github.com/bitcoin-sv/arc/api/handler/default.go:392.2,392.27 1 19
github.com/bitcoin-sv/arc/api/handler/default.go:375.32,377.35 2 3
github.com/bitcoin-sv/arc/api/handler/default.go:377.35,379.4 1 3
github.com/bitcoin-sv/arc/api/handler/default.go:381.32,382.68 1 3
github.com/bitcoin-sv/arc/api/handler/default.go:382.68,384.4 1 3
github.com/bitcoin-sv/arc/api/handler/default.go:386.34,387.65 1 3
github.com/bitcoin-sv/arc/api/handler/default.go:387.65,389.4 1 3
github.com/bitcoin-sv/arc/api/handler/default.go:395.169,403.42 4 12
github.com/bitcoin-sv/arc/api/handler/default.go:410.2,411.69 2 6
github.com/bitcoin-sv/arc/api/handler/default.go:415.2,418.16 3 6
github.com/bitcoin-sv/arc/api/handler/default.go:422.2,423.16 2 6
github.com/bitcoin-sv/arc/api/handler/default.go:427.2,428.24 2 6
github.com/bitcoin-sv/arc/api/handler/default.go:432.2,441.8 1 6
github.com/bitcoin-sv/arc/api/handler/default.go:403.42,405.17 2 6
github.com/bitcoin-sv/arc/api/handler/default.go:405.17,407.4 1 6
github.com/bitcoin-sv/arc/api/handler/default.go:411.69,414.3 2 0
github.com/bitcoin-sv/arc/api/handler/default.go:418.16,420.3 1 0
github.com/bitcoin-sv/arc/api/handler/default.go:423.16,425.3 1 0
github.com/bitcoin-sv/arc/api/handler/default.go:428.24,430.3 1 0
github.com/bitcoin-sv/arc/api/handler/default.go:444.99,449.43 3 8
github.com/bitcoin-sv/arc/api/handler/default.go:474.2,474.12 1 1
github.com/bitcoin-sv/arc/api/handler/default.go:449.43,452.10 3 8
github.com/bitcoin-sv/arc/api/handler/default.go:460.3,461.17 2 1
github.com/bitcoin-sv/arc/api/handler/default.go:465.3,465.62 1 1
github.com/bitcoin-sv/arc/api/handler/default.go:468.3,471.45 3 1
github.com/bitcoin-sv/arc/api/handler/default.go:452.10,454.18 2 8
github.com/bitcoin-sv/arc/api/handler/default.go:457.4,457.36 1 1
github.com/bitcoin-sv/arc/api/handler/default.go:454.18,456.5 1 7
github.com/bitcoin-sv/arc/api/handler/default.go:461.17,463.4 1 0
github.com/bitcoin-sv/arc/api/handler/default.go:465.62,467.4 1 0
github.com/bitcoin-sv/arc/api/handler/default.go:477.128,479.16 2 0
github.com/bitcoin-sv/arc/api/handler/default.go:483.2,483.16 1 0
github.com/bitcoin-sv/arc/api/handler/default.go:479.16,481.3 1 0
github.com/bitcoin-sv/arc/api/handler/default.go:486.133,489.8 3 6
github.com/bitcoin-sv/arc/api/handler/default.go:493.2,493.75 1 6
github.com/bitcoin-sv/arc/api/handler/default.go:498.2,499.21 2 6
github.com/bitcoin-sv/arc/api/handler/default.go:503.2,503.24 1 6
github.com/bitcoin-sv/arc/api/handler/default.go:507.2,507.22 1 6
github.com/bitcoin-sv/arc/api/handler/default.go:512.2,512.30 1 6
github.com/bitcoin-sv/arc/api/handler/default.go:489.8,491.3 1 0
github.com/bitcoin-sv/arc/api/handler/default.go:493.75,495.3 1 6
github.com/bitcoin-sv/arc/api/handler/default.go:499.21,501.3 1 0
github.com/bitcoin-sv/arc/api/handler/default.go:503.24,506.3 2 6
github.com/bitcoin-sv/arc/api/handler/default.go:507.22,510.3 2 6
github.com/bitcoin-sv/arc/api/handler/default.go:516.98,523.20 4 8
github.com/bitcoin-sv/arc/api/handler/default.go:528.2,530.20 2 7
github.com/bitcoin-sv/arc/api/handler/default.go:535.2,537.20 2 7
github.com/bitcoin-sv/arc/api/handler/default.go:541.2,541.61 1 7
github.com/bitcoin-sv/arc/api/handler/default.go:523.20,525.3 1 1
github.com/bitcoin-sv/arc/api/handler/default.go:530.20,532.3 1 0
github.com/bitcoin-sv/arc/api/handler/default.go:537.20,539.3 1 0
github.com/bitcoin-sv/arc/api/handler/default.go:544.75,546.16 2 12
github.com/bitcoin-sv/arc/api/handler/default.go:550.2,553.34 3 12
github.com/bitcoin-sv/arc/api/handler/default.go:562.2,562.43 1 0
github.com/bitcoin-sv/arc/api/handler/default.go:546.16,548.3 1 0
github.com/bitcoin-sv/arc/api/handler/default.go:553.34,554.71 1 12
github.com/bitcoin-sv/arc/api/handler/default.go:559.3,559.21 1 12
github.com/bitcoin-sv/arc/api/handler/default.go:554.71,557.4 1 0
github.com/bitcoin-sv/arc/api/handler/default.go:565.53,567.28 2 12
github.com/bitcoin-sv/arc/api/handler/default.go:582.2,582.17 1 0
github.com/bitcoin-sv/arc/api/handler/default.go:567.28,570.17 2 12
github.com/bitcoin-sv/arc/api/handler/default.go:574.3,575.17 2 0
github.com/bitcoin-sv/arc/api/handler/default.go:579.3,579.24 1 0
github.com/bitcoin-sv/arc/api/handler/default.go:570.17,572.4 1 12
github.com/bitcoin-sv/arc/api/handler/default.go:575.17,577.4 1 0
github.com/bitcoin-sv/arc/api/handler/default.go:585.53,588.31 2 10
github.com/bitcoin-sv/arc/api/handler/default.go:592.2,593.33 2 10
github.com/bitcoin-sv/arc/api/handler/default.go:606.2,608.42 2 10
github.com/bitcoin-sv/arc/api/handler/default.go:588.31,590.3 1 10
github.com/bitcoin-sv/arc/api/handler/default.go:593.33,594.32 1 20
github.com/bitcoin-sv/arc/api/handler/default.go:600.3,601.110 2 20
github.com/bitcoin-sv/arc/api/handler/default.go:594.32,596.4 1 10
github.com/bitcoin-sv/arc/api/handler/default.go:596.9,598.4 1 10
github.com/bitcoin-sv/arc/api/handler/default.go:601.110,603.4 1 0
github.com/bitcoin-sv/arc/api/handler/helpers.go:17.84,23.16 4 7
github.com/bitcoin-sv/arc/api/handler/helpers.go:27.2,27.18 1 7
github.com/bitcoin-sv/arc/api/handler/helpers.go:53.2,53.61 1 0
github.com/bitcoin-sv/arc/api/handler/helpers.go:23.16,25.3 1 0
github.com/bitcoin-sv/arc/api/handler/helpers.go:27.18,32.17 4 7
github.com/bitcoin-sv/arc/api/handler/helpers.go:36.3,38.17 3 0
github.com/bitcoin-sv/arc/api/handler/helpers.go:42.3,44.17 3 0
github.com/bitcoin-sv/arc/api/handler/helpers.go:48.3,48.21 1 0
github.com/bitcoin-sv/arc/api/handler/helpers.go:32.17,34.4 1 7
github.com/bitcoin-sv/arc/api/handler/helpers.go:38.17,40.4 1 0
github.com/bitcoin-sv/arc/api/handler/helpers.go:44.17,46.4 1 0
github.com/bitcoin-sv/arc/api/handler/helpers.go:48.21,50.4 1 0
github.com/bitcoin-sv/arc/api/handler/helpers.go:56.92,61.21 4 7
github.com/bitcoin-sv/arc/api/handler/helpers.go:100.2,100.61 1 7
github.com/bitcoin-sv/arc/api/handler/helpers.go:61.21,64.17 3 0
github.com/bitcoin-sv/arc/api/handler/helpers.go:68.3,72.17 4 0
github.com/bitcoin-sv/arc/api/handler/helpers.go:76.3,78.29 2 0
github.com/bitcoin-sv/arc/api/handler/helpers.go:82.3,84.17 3 0
github.com/bitcoin-sv/arc/api/handler/helpers.go:87.3,91.17 4 0
github.com/bitcoin-sv/arc/api/handler/helpers.go:95.3,95.21 1 0
github.com/bitcoin-sv/arc/api/handler/helpers.go:64.17,66.4 1 0
github.com/bitcoin-sv/arc/api/handler/helpers.go:72.17,74.4 1 0
github.com/bitcoin-sv/arc/api/handler/helpers.go:78.29,80.4 1 0
github.com/bitcoin-sv/arc/api/handler/helpers.go:84.17,86.4 1 0
github.com/bitcoin-sv/arc/api/handler/helpers.go:91.17,93.4 1 0
github.com/bitcoin-sv/arc/api/handler/helpers.go:95.21,97.4 1 0
github.com/bitcoin-sv/arc/api/handler/load.go:18.62,27.12 3 0
github.com/bitcoin-sv/arc/api/handler/load.go:31.2,37.16 5 0
github.com/bitcoin-sv/arc/api/handler/load.go:41.2,43.65 2 0
github.com/bitcoin-sv/arc/api/handler/load.go:48.2,50.12 2 0
github.com/bitcoin-sv/arc/api/handler/load.go:27.12,29.3 1 0
github.com/bitcoin-sv/arc/api/handler/load.go:37.16,39.3 1 0
github.com/bitcoin-sv/arc/api/handler/load.go:43.65,45.3 1 0
github.com/bitcoin-sv/arc/api/handler/load.go:54.45,57.16 2 0
github.com/bitcoin-sv/arc/api/handler/load.go:63.2,70.16 4 0
github.com/bitcoin-sv/arc/api/handler/load.go:57.16,59.3 1 0
github.com/bitcoin-sv/arc/callbacker/store/badgerhold/badgerhold.go:41.69,43.2 1 0
github.com/bitcoin-sv/arc/callbacker/store/badgerhold/badgerhold.go:45.67,53.23 6 13
github.com/bitcoin-sv/arc/callbacker/store/badgerhold/badgerhold.go:64.2,67.16 3 13
github.com/bitcoin-sv/arc/callbacker/store/badgerhold/badgerhold.go:71.2,75.8 1 13
github.com/bitcoin-sv/arc/callbacker/store/badgerhold/badgerhold.go:53.23,57.17 3 0
github.com/bitcoin-sv/arc/callbacker/store/badgerhold/badgerhold.go:61.3,62.23 2 0
github.com/bitcoin-sv/arc/callbacker/store/badgerhold/badgerhold.go:57.17,59.4 1 0
github.com/bitcoin-sv/arc/callbacker/store/badgerhold/badgerhold.go:67.16,69.3 1 0
github.com/bitcoin-sv/arc/callbacker/store/badgerhold/badgerhold.go:78.92,81.50 2 5
github.com/bitcoin-sv/arc/callbacker/store/badgerhold/badgerhold.go:88.2,93.8 1 3
github.com/bitcoin-sv/arc/callbacker/store/badgerhold/badgerhold.go:81.50,82.45 1 2
github.com/bitcoin-sv/arc/callbacker/store/badgerhold/badgerhold.go:85.3,85.56 1 0
github.com/bitcoin-sv/arc/callbacker/store/badgerhold/badgerhold.go:82.45,84.4 1 2
github.com/bitcoin-sv/arc/callbacker/store/badgerhold/badgerhold.go:96.98,99.97 2 2
github.com/bitcoin-sv/arc/callbacker/store/badgerhold/badgerhold.go:103.2,104.34 2 2
github.com/bitcoin-sv/arc/callbacker/store/badgerhold/badgerhold.go:113.2,113.23 1 2
github.com/bitcoin-sv/arc/callbacker/store/badgerhold/badgerhold.go:99.97,101.3 1 0
github.com/bitcoin-sv/arc/callbacker/store/badgerhold/badgerhold.go:104.34,111.3 1 2
github.com/bitcoin-sv/arc/callbacker/store/badgerhold/badgerhold.go:116.97,117.21 1 9
github.com/bitcoin-sv/arc/callbacker/store/badgerhold/badgerhold.go:121.2,132.52 4 8
github.com/bitcoin-sv/arc/callbacker/store/badgerhold/badgerhold.go:135.2,135.17 1 8
github.com/bitcoin-sv/arc/callbacker/store/badgerhold/badgerhold.go:117.21,119.3 1 1
github.com/bitcoin-sv/arc/callbacker/store/badgerhold/badgerhold.go:132.52,134.3 1 0
github.com/bitcoin-sv/arc/callbacker/store/badgerhold/badgerhold.go:138.73,143.48 4 35
github.com/bitcoin-sv/arc/callbacker/store/badgerhold/badgerhold.go:150.2,151.48 2 34
github.com/bitcoin-sv/arc/callbacker/store/badgerhold/badgerhold.go:158.2,161.51 3 33
github.com/bitcoin-sv/arc/callbacker/store/badgerhold/badgerhold.go:165.2,165.12 1 33
github.com/bitcoin-sv/arc/callbacker/store/badgerhold/badgerhold.go:143.48,144.45 1 1
github.com/bitcoin-sv/arc/callbacker/store/badgerhold/badgerhold.go:147.3,147.51 1 0
github.com/bitcoin-sv/arc/callbacker/store/badgerhold/badgerhold.go:144.45,146.4 1 1
github.com/bitcoin-sv/arc/callbacker/store/badgerhold/badgerhold.go:151.48,152.59 1 1
github.com/bitcoin-sv/arc/callbacker/store/badgerhold/badgerhold.go:155.3,155.29 1 1
github.com/bitcoin-sv/arc/callbacker/store/badgerhold/badgerhold.go:152.59,154.4 1 0
github.com/bitcoin-sv/arc/callbacker/store/badgerhold/badgerhold.go:161.51,163.3 1 0
github.com/bitcoin-sv/arc/callbacker/store/badgerhold/badgerhold.go:168.64,171.2 2 3
github.com/bitcoin-sv/arc/callbacker/store/badgerhold/badgerhold.go:173.54,175.2 1 13
github.com/bitcoin-sv/arc/callbacker/store/badgerhold/badgerhold.go:177.90,179.2 1 37
github.com/bitcoin-sv/arc/validator/default/DefaultValidator.go:26.56,30.2 1 9
github.com/bitcoin-sv/arc/validator/default/DefaultValidator.go:32.65,42.23 2 9
github.com/bitcoin-sv/arc/validator/default/DefaultValidator.go:47.2,47.49 1 9
github.com/bitcoin-sv/arc/validator/default/DefaultValidator.go:52.2,52.54 1 9
github.com/bitcoin-sv/arc/validator/default/DefaultValidator.go:58.2,58.40 1 9
github.com/bitcoin-sv/arc/validator/default/DefaultValidator.go:64.2,64.41 1 9
github.com/bitcoin-sv/arc/validator/default/DefaultValidator.go:72.2,72.18 1 9
github.com/bitcoin-sv/arc/validator/default/DefaultValidator.go:77.2,77.50 1 9
github.com/bitcoin-sv/arc/validator/default/DefaultValidator.go:82.2,82.42 1 9
github.com/bitcoin-sv/arc/validator/default/DefaultValidator.go:88.2,88.85 1 9
github.com/bitcoin-sv/arc/validator/default/DefaultValidator.go:93.2,93.41 1 8
github.com/bitcoin-sv/arc/validator/default/DefaultValidator.go:98.2,98.12 1 7
github.com/bitcoin-sv/arc/validator/default/DefaultValidator.go:42.23,44.3 1 0
github.com/bitcoin-sv/arc/validator/default/DefaultValidator.go:47.49,49.3 1 0
github.com/bitcoin-sv/arc/validator/default/DefaultValidator.go:52.54,54.3 1 0
github.com/bitcoin-sv/arc/validator/default/DefaultValidator.go:58.40,60.3 1 0
github.com/bitcoin-sv/arc/validator/default/DefaultValidator.go:64.41,66.3 1 0
github.com/bitcoin-sv/arc/validator/default/DefaultValidator.go:72.18,74.3 1 0
github.com/bitcoin-sv/arc/validator/default/DefaultValidator.go:77.50,79.3 1 0
github.com/bitcoin-sv/arc/validator/default/DefaultValidator.go:82.42,84.3 1 0
github.com/bitcoin-sv/arc/validator/default/DefaultValidator.go:88.85,90.3 1 1
github.com/bitcoin-sv/arc/validator/default/DefaultValidator.go:93.41,95.3 1 1
github.com/bitcoin-sv/arc/validator/default/DefaultValidator.go:101.55,102.35 1 9
github.com/bitcoin-sv/arc/validator/default/DefaultValidator.go:106.2,106.34 1 9
github.com/bitcoin-sv/arc/validator/default/DefaultValidator.go:112.2,112.13 1 9
github.com/bitcoin-sv/arc/validator/default/DefaultValidator.go:102.35,104.3 1 0
github.com/bitcoin-sv/arc/validator/default/DefaultValidator.go:106.34,107.107 1 12
github.com/bitcoin-sv/arc/validator/default/DefaultValidator.go:107.107,109.4 1 0
github.com/bitcoin-sv/arc/validator/default/DefaultValidator.go:115.62,117.26 2 11
github.com/bitcoin-sv/arc/validator/default/DefaultValidator.go:121.2,121.30 1 11
github.com/bitcoin-sv/arc/validator/default/DefaultValidator.go:125.2,125.12 1 10
github.com/bitcoin-sv/arc/validator/default/DefaultValidator.go:117.26,120.3 1 0
github.com/bitcoin-sv/arc/validator/default/DefaultValidator.go:121.30,123.3 1 1
github.com/bitcoin-sv/arc/validator/default/DefaultValidator.go:128.36,130.40 2 15
github.com/bitcoin-sv/arc/validator/default/DefaultValidator.go:141.2,141.25 1 12
github.com/bitcoin-sv/arc/validator/default/DefaultValidator.go:145.2,145.12 1 11
github.com/bitcoin-sv/arc/validator/default/DefaultValidator.go:130.40,132.10 2 36
github.com/bitcoin-sv/arc/validator/default/DefaultValidator.go:138.3,138.27 1 33
github.com/bitcoin-sv/arc/validator/default/DefaultValidator.go:133.85,134.115 1 2
github.com/bitcoin-sv/arc/validator/default/DefaultValidator.go:135.39,136.121 1 1
github.com/bitcoin-sv/arc/validator/default/DefaultValidator.go:141.25,143.3 1 1
github.com/bitcoin-sv/arc/validator/default/DefaultValidator.go:148.35,150.38 2 13
github.com/bitcoin-sv/arc/validator/default/DefaultValidator.go:165.2,165.25 1 11
github.com/bitcoin-sv/arc/validator/default/DefaultValidator.go:169.2,169.12 1 10
github.com/bitcoin-sv/arc/validator/default/DefaultValidator.go:150.38,151.63 1 17
github.com/bitcoin-sv/arc/validator/default/DefaultValidator.go:160.3,160.45 1 16
github.com/bitcoin-sv/arc/validator/default/DefaultValidator.go:163.3,163.36 1 15
github.com/bitcoin-sv/arc/validator/default/DefaultValidator.go:151.63,153.4 1 1
github.com/bitcoin-sv/arc/validator/default/DefaultValidator.go:160.45,162.4 1 1
github.com/bitcoin-sv/arc/validator/default/DefaultValidator.go:165.25,167.3 1 1
github.com/bitcoin-sv/arc/validator/default/DefaultValidator.go:172.56,174.16 2 12
github.com/bitcoin-sv/arc/validator/default/DefaultValidator.go:178.2,178.13 1 12
github.com/bitcoin-sv/arc/validator/default/DefaultValidator.go:182.2,182.12 1 10
github.com/bitcoin-sv/arc/validator/default/DefaultValidator.go:174.16,176.3 1 0
github.com/bitcoin-sv/arc/validator/default/DefaultValidator.go:178.13,180.3 1 2
github.com/bitcoin-sv/arc/validator/default/DefaultValidator.go:185.82,187.16 2 12
github.com/bitcoin-sv/arc/validator/default/DefaultValidator.go:191.2,194.46 3 12
github.com/bitcoin-sv/arc/validator/default/DefaultValidator.go:198.2,199.70 2 12
github.com/bitcoin-sv/arc/validator/default/DefaultValidator.go:187.16,189.3 1 0
github.com/bitcoin-sv/arc/validator/default/DefaultValidator.go:194.46,196.3 1 0
github.com/bitcoin-sv/arc/validator/default/DefaultValidator.go:202.86,206.16 3 20
github.com/bitcoin-sv/arc/validator/default/DefaultValidator.go:210.2,213.16 3 20
github.com/bitcoin-sv/arc/validator/default/DefaultValidator.go:217.2,221.29 3 20
github.com/bitcoin-sv/arc/validator/default/DefaultValidator.go:225.2,225.33 1 20
github.com/bitcoin-sv/arc/validator/default/DefaultValidator.go:206.16,208.3 1 0
github.com/bitcoin-sv/arc/validator/default/DefaultValidator.go:213.16,215.3 1 0
github.com/bitcoin-sv/arc/validator/default/DefaultValidator.go:221.29,223.3 1 1
github.com/bitcoin-sv/arc/validator/default/DefaultValidator.go:228.61,231.20 2 12
github.com/bitcoin-sv/arc/validator/default/DefaultValidator.go:235.2,236.34 2 12
github.com/bitcoin-sv/arc/validator/default/DefaultValidator.go:253.2,253.12 1 12
github.com/bitcoin-sv/arc/validator/default/DefaultValidator.go:231.20,233.3 1 0
github.com/bitcoin-sv/arc/validator/default/DefaultValidator.go:236.34,239.17 3 17
github.com/bitcoin-sv/arc/validator/default/DefaultValidator.go:243.3,243.44 1 17
github.com/bitcoin-sv/arc/validator/default/DefaultValidator.go:239.17,241.4 1 0
github.com/bitcoin-sv/arc/validator/default/DefaultValidator.go:243.44,244.82 1 84
github.com/bitcoin-sv/arc/validator/default/DefaultValidator.go:244.82,246.30 2 17
github.com/bitcoin-sv/arc/validator/default/DefaultValidator.go:246.30,248.6 1 0
github.com/bitcoin-sv/arc/validator/default/DefaultValidator.go:256.37,257.38 1 11
github.com/bitcoin-sv/arc/validator/default/DefaultValidator.go:271.2,271.12 1 10
github.com/bitcoin-sv/arc/validator/default/DefaultValidator.go:257.38,258.35 1 14
github.com/bitcoin-sv/arc/validator/default/DefaultValidator.go:261.3,263.17 3 14
github.com/bitcoin-sv/arc/validator/default/DefaultValidator.go:266.3,266.42 1 14
github.com/bitcoin-sv/arc/validator/default/DefaultValidator.go:258.35,260.4 1 0
github.com/bitcoin-sv/arc/validator/default/DefaultValidator.go:263.17,265.4 1 0
github.com/bitcoin-sv/arc/validator/default/DefaultValidator.go:266.42,268.4 1 1
github.com/bitcoin-sv/arc/validator/default/DefaultValidator.go:274.36,275.31 1 10
github.com/bitcoin-sv/arc/validator/default/DefaultValidator.go:291.2,291.12 1 9
github.com/bitcoin-sv/arc/validator/default/DefaultValidator.go:275.31,286.17 2 14
github.com/bitcoin-sv/arc/validator/default/DefaultValidator.go:286.17,288.4 1 1
github.com/bitcoin-sv/arc/validator/default/script_debugger.go:11.63,13.2 1 0
github.com/bitcoin-sv/arc/validator/default/script_debugger.go:15.62,17.2 1 0
github.com/bitcoin-sv/arc/validator/default/script_debugger.go:19.60,21.2 1 0
github.com/bitcoin-sv/arc/validator/default/script_debugger.go:23.59,25.2 1 0
github.com/bitcoin-sv/arc/validator/default/script_debugger.go:27.69,29.2 1 0
github.com/bitcoin-sv/arc/validator/default/script_debugger.go:31.68,33.2 1 0
github.com/bitcoin-sv/arc/validator/default/script_debugger.go:35.68,37.2 1 0
github.com/bitcoin-sv/arc/validator/default/script_debugger.go:39.67,41.2 1 0
github.com/bitcoin-sv/arc/validator/default/script_debugger.go:43.62,45.2 1 0
github.com/bitcoin-sv/arc/validator/default/script_debugger.go:47.71,49.2 1 0
github.com/bitcoin-sv/arc/validator/default/script_debugger.go:51.79,53.2 1 0
github.com/bitcoin-sv/arc/validator/default/script_debugger.go:55.78,57.2 1 0
github.com/bitcoin-sv/arc/validator/default/script_debugger.go:59.64,61.2 1 0
github.com/bitcoin-sv/arc/validator/default/script_debugger.go:63.77,65.2 1 0
github.com/bitcoin-sv/arc/metamorph/store/badger/badger.go:26.13,43.2 2 1
github.com/bitcoin-sv/arc/metamorph/store/badger/badger.go:55.69,57.2 1 0
github.com/bitcoin-sv/arc/metamorph/store/badger/badger.go:59.39,68.16 5 12
github.com/bitcoin-sv/arc/metamorph/store/badger/badger.go:72.2,77.25 2 12
github.com/bitcoin-sv/arc/metamorph/store/badger/badger.go:68.16,70.3 1 0
github.com/bitcoin-sv/arc/metamorph/store/badger/badger.go:80.51,82.15 2 12
github.com/bitcoin-sv/arc/metamorph/store/badger/badger.go:85.2,94.24 7 12
github.com/bitcoin-sv/arc/metamorph/store/badger/badger.go:82.15,84.3 1 12
github.com/bitcoin-sv/arc/metamorph/store/badger/badger.go:97.85,99.15 2 10013
github.com/bitcoin-sv/arc/metamorph/store/badger/badger.go:102.2,105.29 3 10013
github.com/bitcoin-sv/arc/metamorph/store/badger/badger.go:109.2,110.16 2 10013
github.com/bitcoin-sv/arc/metamorph/store/badger/badger.go:116.2,116.53 1 10013
github.com/bitcoin-sv/arc/metamorph/store/badger/badger.go:124.2,124.12 1 10013
github.com/bitcoin-sv/arc/metamorph/store/badger/badger.go:99.15,101.3 1 10013
github.com/bitcoin-sv/arc/metamorph/store/badger/badger.go:105.29,107.3 1 10010
github.com/bitcoin-sv/arc/metamorph/store/badger/badger.go:110.16,114.3 3 0
github.com/bitcoin-sv/arc/metamorph/store/badger/badger.go:116.53,118.3 1 10013
github.com/bitcoin-sv/arc/metamorph/store/badger/badger.go:118.17,122.3 3 0
github.com/bitcoin-sv/arc/metamorph/store/badger/badger.go:127.82,129.15 2 10013
github.com/bitcoin-sv/arc/metamorph/store/badger/badger.go:132.2,137.49 4 10013
github.com/bitcoin-sv/arc/metamorph/store/badger/badger.go:162.2,162.20 1 10013
github.com/bitcoin-sv/arc/metamorph/store/badger/badger.go:129.15,131.3 1 10013
github.com/bitcoin-sv/arc/metamorph/store/badger/badger.go:137.49,139.17 2 10013
github.com/bitcoin-sv/arc/metamorph/store/badger/badger.go:148.3,148.46 1 10010
github.com/bitcoin-sv/arc/metamorph/store/badger/badger.go:159.3,159.13 1 10010
github.com/bitcoin-sv/arc/metamorph/store/badger/badger.go:139.17,140.36 1 3
github.com/bitcoin-sv/arc/metamorph/store/badger/badger.go:143.4,145.14 3 0
github.com/bitcoin-sv/arc/metamorph/store/badger/badger.go:140.36,142.5 1 3
github.com/bitcoin-sv/arc/metamorph/store/badger/badger.go:148.46,149.60 1 10010
github.com/bitcoin-sv/arc/metamorph/store/badger/badger.go:152.4,152.14 1 10010
github.com/bitcoin-sv/arc/metamorph/store/badger/badger.go:149.60,151.5 1 0
github.com/bitcoin-sv/arc/metamorph/store/badger/badger.go:153.18,157.4 3 0
github.com/bitcoin-sv/arc/metamorph/store/badger/badger.go:166.130,168.15 2 3
github.com/bitcoin-sv/arc/metamorph/store/badger/badger.go:171.2,179.16 6 3
github.com/bitcoin-sv/arc/metamorph/store/badger/badger.go:187.2,187.46 1 2
github.com/bitcoin-sv/arc/metamorph/store/badger/badger.go:206.2,206.12 1 2
github.com/bitcoin-sv/arc/metamorph/store/badger/badger.go:168.15,170.3 1 3
github.com/bitcoin-sv/arc/metamorph/store/badger/badger.go:179.16,183.3 3 1
github.com/bitcoin-sv/arc/metamorph/store/badger/badger.go:187.46,192.17 3 2
github.com/bitcoin-sv/arc/metamorph/store/badger/badger.go:199.3,199.48 1 2
github.com/bitcoin-sv/arc/metamorph/store/badger/badger.go:193.50,194.31 1 0
github.com/bitcoin-sv/arc/metamorph/store/badger/badger.go:195.35,196.27 1 0
github.com/bitcoin-sv/arc/metamorph/store/badger/badger.go:199.48,203.4 3 0
github.com/bitcoin-sv/arc/metamorph/store/badger/badger.go:210.126,212.15 2 2
github.com/bitcoin-sv/arc/metamorph/store/badger/badger.go:215.2,223.16 6 2
github.com/bitcoin-sv/arc/metamorph/store/badger/badger.go:234.2,237.47 4 1
github.com/bitcoin-sv/arc/metamorph/store/badger/badger.go:243.2,243.12 1 1
github.com/bitcoin-sv/arc/metamorph/store/badger/badger.go:212.15,214.3 1 2
github.com/bitcoin-sv/arc/metamorph/store/badger/badger.go:223.16,224.40 1 1
github.com/bitcoin-sv/arc/metamorph/store/badger/badger.go:229.3,231.13 3 0
github.com/bitcoin-sv/arc/metamorph/store/badger/badger.go:224.40,228.4 1 1
github.com/bitcoin-sv/arc/metamorph/store/badger/badger.go:237.47,241.3 3 0
github.com/bitcoin-sv/arc/metamorph/store/badger/badger.go:247.91,249.15 2 2
github.com/bitcoin-sv/arc/metamorph/store/badger/badger.go:252.2,255.49 3 2
github.com/bitcoin-sv/arc/metamorph/store/badger/badger.go:249.15,251.3 1 2
github.com/bitcoin-sv/arc/metamorph/store/badger/badger.go:255.49,259.48 3 2
github.com/bitcoin-sv/arc/metamorph/store/badger/badger.go:287.3,287.13 1 2
github.com/bitcoin-sv/arc/metamorph/store/badger/badger.go:259.48,261.65 2 6
github.com/bitcoin-sv/arc/metamorph/store/badger/badger.go:264.4,264.33 1 6
github.com/bitcoin-sv/arc/metamorph/store/badger/badger.go:268.4,269.48 2 6
github.com/bitcoin-sv/arc/metamorph/store/badger/badger.go:282.4,282.50 1 6
github.com/bitcoin-sv/arc/metamorph/store/badger/badger.go:261.65,262.13 1 0
github.com/bitcoin-sv/arc/metamorph/store/badger/badger.go:264.33,265.13 1 0
github.com/bitcoin-sv/arc/metamorph/store/badger/badger.go:269.48,271.63 2 6
github.com/bitcoin-sv/arc/metamorph/store/badger/badger.go:274.5,274.15 1 6
github.com/bitcoin-sv/arc/metamorph/store/badger/badger.go:271.63,273.6 1 0
github.com/bitcoin-sv/arc/metamorph/store/badger/badger.go:275.19,279.13 4 0
github.com/bitcoin-sv/arc/metamorph/store/badger/badger.go:282.50,284.5 1 3
github.com/bitcoin-sv/arc/metamorph/store/badger/badger.go:291.62,293.15 2 10007
github.com/bitcoin-sv/arc/metamorph/store/badger/badger.go:296.2,299.51 3 10007
github.com/bitcoin-sv/arc/metamorph/store/badger/badger.go:293.15,295.3 1 10007
github.com/bitcoin-sv/arc/metamorph/store/badger/badger.go:299.51,301.3 1 10007
github.com/bitcoin-sv/arc/metamorph/store/badger/badger.go:304.104,306.15 2 2
github.com/bitcoin-sv/arc/metamorph/store/badger/badger.go:309.2,316.49 5 2
github.com/bitcoin-sv/arc/metamorph/store/badger/badger.go:339.2,339.20 1 2
github.com/bitcoin-sv/arc/metamorph/store/badger/badger.go:306.15,308.3 1 2
github.com/bitcoin-sv/arc/metamorph/store/badger/badger.go:316.49,318.17 2 2
github.com/bitcoin-sv/arc/metamorph/store/badger/badger.go:327.3,327.46 1 1
github.com/bitcoin-sv/arc/metamorph/store/badger/badger.go:336.3,336.13 1 1
github.com/bitcoin-sv/arc/metamorph/store/badger/badger.go:318.17,319.36 1 1
github.com/bitcoin-sv/arc/metamorph/store/badger/badger.go:322.4,324.14 3 0
github.com/bitcoin-sv/arc/metamorph/store/badger/badger.go:319.36,321.5 1 1
github.com/bitcoin-sv/arc/metamorph/store/badger/badger.go:327.46,330.4 2 1
github.com/bitcoin-sv/arc/metamorph/store/badger/badger.go:330.18,334.4 3 0
github.com/bitcoin-sv/arc/metamorph/store/badger/badger.go:342.90,344.15 2 2
github.com/bitcoin-sv/arc/metamorph/store/badger/badger.go:347.2,356.16 8 2
github.com/bitcoin-sv/arc/metamorph/store/badger/badger.go:362.2,362.53 1 2
github.com/bitcoin-sv/arc/metamorph/store/badger/badger.go:370.2,370.12 1 2
github.com/bitcoin-sv/arc/metamorph/store/badger/badger.go:344.15,346.3 1 2
github.com/bitcoin-sv/arc/metamorph/store/badger/badger.go:356.16,360.3 3 0
github.com/bitcoin-sv/arc/metamorph/store/badger/badger.go:362.53,364.3 1 2
github.com/bitcoin-sv/arc/metamorph/store/badger/badger.go:364.17,368.3 3 0
